2025-05-26 11:05:22,654 [Worker-3: Loading available Gradle versions] INFO  o.e.b.c.i.u.g.PublishedGradleVersions - Gradle version information cache is up-to-date. Trying to read.
2025-05-26 11:06:05,607 [Worker-7: Building] INFO  o.e.m.c.i.l.LifecycleMappingFactory - Using org.eclipse.m2e.jdt.JarLifecycleMapping lifecycle mapping for MavenProject: com.uep:UniExamPrep-BackEnd:0.0.1-SNAPSHOT @ C:\Users\hp\Desktop\Computer Engineering\Internship Works\CVM Exam Help\UniExamPrep-BackEnd\pom.xml.
2025-05-26 11:06:07,512 [Worker-7: Building] INFO  o.a.m.s.f.DefaultMavenResourcesFiltering - Copying 1 resource from src\main\resources to target\classes
2025-05-26 11:06:07,545 [Worker-7: Building] INFO  o.a.m.s.f.DefaultMavenResourcesFiltering - Copying 0 resource from src\main\resources to target\classes
2025-05-26 11:06:07,556 [Worker-7: Building] INFO  o.a.m.s.f.DefaultMavenResourcesFiltering - skip non existing resourceDirectory C:\Users\hp\Desktop\Computer Engineering\Internship Works\CVM Exam Help\UniExamPrep-BackEnd\src\test\resources
2025-05-26 11:06:08,997 [Worker-6: Building] INFO  o.a.m.s.f.DefaultMavenResourcesFiltering - Copying 1 resource from src\main\resources to target\classes
2025-05-26 11:06:09,000 [Worker-6: Building] INFO  o.a.m.s.f.DefaultMavenResourcesFiltering - Copying 0 resource from src\main\resources to target\classes
2025-05-26 11:06:09,004 [Worker-6: Building] INFO  o.a.m.s.f.DefaultMavenResourcesFiltering - skip non existing resourceDirectory C:\Users\hp\Desktop\Computer Engineering\Internship Works\CVM Exam Help\UniExamPrep-BackEnd\src\test\resources
2025-05-26 11:09:37,715 [Start Help Server] INFO  org.eclipse.jetty.server.Server - jetty-12.0.15; built: 2024-11-05T19:44:57.623Z; git: 8281ae9740d4b4225e8166cc476bad237c70213a; jvm 21.0.1+12-LTS-29
2025-05-26 11:09:37,769 [Start Help Server] INFO  o.e.j.server.handler.ContextHandler - Started oeje8n.ContextHandler$CoreContextHandler@4a950e2c{/help,/help,b=null,a=AVAILABLE,h=oeje8n.ContextHandler$CoreContextHandler$CoreToNestedHandler@214dfb3{STARTED}}
2025-05-26 11:09:37,770 [Start Help Server] INFO  o.e.j.s.DefaultSessionIdManager - Session workerName=node0
2025-05-26 11:09:37,783 [Start Help Server] INFO  o.e.jetty.server.AbstractConnector - Started ServerConnector@40d4627d{HTTP/1.1, (http/1.1)}{127.0.0.1:62955}
2025-05-26 11:09:37,788 [Start Help Server] INFO  org.eclipse.jetty.server.Server - Started oejs.Server@59c19b23{STARTING}[12.0.15,sto=0] @270651ms
2025-05-26 11:10:38,644 [Worker-6: Building] INFO  o.a.m.s.f.DefaultMavenResourcesFiltering - Copying 1 resource from src\main\resources to target\classes
2025-05-26 11:10:38,650 [Worker-6: Building] INFO  o.a.m.s.f.DefaultMavenResourcesFiltering - Copying 0 resource from src\main\resources to target\classes
2025-05-26 11:10:38,656 [Worker-6: Building] INFO  o.a.m.s.f.DefaultMavenResourcesFiltering - skip non existing resourceDirectory C:\Users\hp\Desktop\Computer Engineering\Internship Works\CVM Exam Help\UniExamPrep-BackEnd\src\test\resources
2025-05-26 11:11:00,856 [Worker-5: Building] INFO  o.a.m.s.f.DefaultMavenResourcesFiltering - Copying 1 resource from src\main\resources to target\classes
2025-05-26 11:11:00,860 [Worker-5: Building] INFO  o.a.m.s.f.DefaultMavenResourcesFiltering - Copying 0 resource from src\main\resources to target\classes
2025-05-26 11:11:00,868 [Worker-5: Building] INFO  o.a.m.s.f.DefaultMavenResourcesFiltering - skip non existing resourceDirectory C:\Users\hp\Desktop\Computer Engineering\Internship Works\CVM Exam Help\UniExamPrep-BackEnd\src\test\resources
2025-05-26 11:11:32,379 [Worker-2: Building] INFO  o.a.m.s.f.DefaultMavenResourcesFiltering - Copying 1 resource from src\main\resources to target\classes
2025-05-26 11:11:32,383 [Worker-2: Building] INFO  o.a.m.s.f.DefaultMavenResourcesFiltering - Copying 0 resource from src\main\resources to target\classes
2025-05-26 11:11:32,388 [Worker-2: Building] INFO  o.a.m.s.f.DefaultMavenResourcesFiltering - skip non existing resourceDirectory C:\Users\hp\Desktop\Computer Engineering\Internship Works\CVM Exam Help\UniExamPrep-BackEnd\src\test\resources
2025-05-26 11:19:15,083 [Worker-9: Building] INFO  o.a.m.s.f.DefaultMavenResourcesFiltering - Copying 1 resource from src\main\resources to target\classes
2025-05-26 11:19:15,104 [Worker-9: Building] INFO  o.a.m.s.f.DefaultMavenResourcesFiltering - Copying 0 resource from src\main\resources to target\classes
2025-05-26 11:19:15,109 [Worker-9: Building] INFO  o.a.m.s.f.DefaultMavenResourcesFiltering - skip non existing resourceDirectory C:\Users\hp\Desktop\Computer Engineering\Internship Works\CVM Exam Help\UniExamPrep-BackEnd\src\test\resources
2025-05-26 11:21:53,912 [Worker-14: Building] INFO  o.a.m.s.f.DefaultMavenResourcesFiltering - Copying 1 resource from src\main\resources to target\classes
2025-05-26 11:21:53,918 [Worker-14: Building] INFO  o.a.m.s.f.DefaultMavenResourcesFiltering - Copying 0 resource from src\main\resources to target\classes
2025-05-26 11:21:53,923 [Worker-14: Building] INFO  o.a.m.s.f.DefaultMavenResourcesFiltering - skip non existing resourceDirectory C:\Users\hp\Desktop\Computer Engineering\Internship Works\CVM Exam Help\UniExamPrep-BackEnd\src\test\resources
2025-05-26 11:22:07,861 [Worker-9: Building] INFO  o.a.m.s.f.DefaultMavenResourcesFiltering - Copying 1 resource from src\main\resources to target\classes
2025-05-26 11:22:07,865 [Worker-9: Building] INFO  o.a.m.s.f.DefaultMavenResourcesFiltering - Copying 0 resource from src\main\resources to target\classes
2025-05-26 11:22:07,870 [Worker-9: Building] INFO  o.a.m.s.f.DefaultMavenResourcesFiltering - skip non existing resourceDirectory C:\Users\hp\Desktop\Computer Engineering\Internship Works\CVM Exam Help\UniExamPrep-BackEnd\src\test\resources
2025-05-26 11:23:16,624 [Worker-16: Building] INFO  o.a.m.s.f.DefaultMavenResourcesFiltering - Copying 1 resource from src\main\resources to target\classes
2025-05-26 11:23:16,627 [Worker-16: Building] INFO  o.a.m.s.f.DefaultMavenResourcesFiltering - Copying 0 resource from src\main\resources to target\classes
2025-05-26 11:23:16,630 [Worker-16: Building] INFO  o.a.m.s.f.DefaultMavenResourcesFiltering - skip non existing resourceDirectory C:\Users\hp\Desktop\Computer Engineering\Internship Works\CVM Exam Help\UniExamPrep-BackEnd\src\test\resources
2025-05-26 11:23:30,484 [Worker-10: Building] INFO  o.a.m.s.f.DefaultMavenResourcesFiltering - Copying 1 resource from src\main\resources to target\classes
2025-05-26 11:23:30,487 [Worker-10: Building] INFO  o.a.m.s.f.DefaultMavenResourcesFiltering - Copying 0 resource from src\main\resources to target\classes
2025-05-26 11:23:30,490 [Worker-10: Building] INFO  o.a.m.s.f.DefaultMavenResourcesFiltering - skip non existing resourceDirectory C:\Users\hp\Desktop\Computer Engineering\Internship Works\CVM Exam Help\UniExamPrep-BackEnd\src\test\resources
2025-05-26 11:24:24,952 [Worker-14: Building] INFO  o.a.m.s.f.DefaultMavenResourcesFiltering - Copying 1 resource from src\main\resources to target\classes
2025-05-26 11:24:24,959 [Worker-14: Building] INFO  o.a.m.s.f.DefaultMavenResourcesFiltering - Copying 0 resource from src\main\resources to target\classes
2025-05-26 11:24:24,962 [Worker-14: Building] INFO  o.a.m.s.f.DefaultMavenResourcesFiltering - skip non existing resourceDirectory C:\Users\hp\Desktop\Computer Engineering\Internship Works\CVM Exam Help\UniExamPrep-BackEnd\src\test\resources
2025-05-26 11:25:06,186 [Worker-9: Building] INFO  o.a.m.s.f.DefaultMavenResourcesFiltering - Copying 1 resource from src\main\resources to target\classes
2025-05-26 11:25:06,189 [Worker-9: Building] INFO  o.a.m.s.f.DefaultMavenResourcesFiltering - Copying 0 resource from src\main\resources to target\classes
2025-05-26 11:25:06,192 [Worker-9: Building] INFO  o.a.m.s.f.DefaultMavenResourcesFiltering - skip non existing resourceDirectory C:\Users\hp\Desktop\Computer Engineering\Internship Works\CVM Exam Help\UniExamPrep-BackEnd\src\test\resources
2025-05-26 11:26:41,777 [Worker-16: Building] INFO  o.a.m.s.f.DefaultMavenResourcesFiltering - Copying 1 resource from src\main\resources to target\classes
2025-05-26 11:26:41,790 [Worker-16: Building] INFO  o.a.m.s.f.DefaultMavenResourcesFiltering - Copying 0 resource from src\main\resources to target\classes
2025-05-26 11:26:41,793 [Worker-16: Building] INFO  o.a.m.s.f.DefaultMavenResourcesFiltering - skip non existing resourceDirectory C:\Users\hp\Desktop\Computer Engineering\Internship Works\CVM Exam Help\UniExamPrep-BackEnd\src\test\resources
2025-05-26 11:26:51,088 [Worker-15: Building] INFO  o.a.m.s.f.DefaultMavenResourcesFiltering - Copying 1 resource from src\main\resources to target\classes
2025-05-26 11:26:51,091 [Worker-15: Building] INFO  o.a.m.s.f.DefaultMavenResourcesFiltering - Copying 0 resource from src\main\resources to target\classes
2025-05-26 11:26:51,093 [Worker-15: Building] INFO  o.a.m.s.f.DefaultMavenResourcesFiltering - skip non existing resourceDirectory C:\Users\hp\Desktop\Computer Engineering\Internship Works\CVM Exam Help\UniExamPrep-BackEnd\src\test\resources
2025-05-26 11:27:06,391 [Worker-10: Building] INFO  o.a.m.s.f.DefaultMavenResourcesFiltering - Copying 1 resource from src\main\resources to target\classes
2025-05-26 11:27:06,394 [Worker-10: Building] INFO  o.a.m.s.f.DefaultMavenResourcesFiltering - Copying 0 resource from src\main\resources to target\classes
2025-05-26 11:27:06,397 [Worker-10: Building] INFO  o.a.m.s.f.DefaultMavenResourcesFiltering - skip non existing resourceDirectory C:\Users\hp\Desktop\Computer Engineering\Internship Works\CVM Exam Help\UniExamPrep-BackEnd\src\test\resources
2025-05-26 11:27:15,636 [Worker-10: Building] INFO  o.a.m.s.f.DefaultMavenResourcesFiltering - Copying 1 resource from src\main\resources to target\classes
2025-05-26 11:27:15,638 [Worker-10: Building] INFO  o.a.m.s.f.DefaultMavenResourcesFiltering - Copying 0 resource from src\main\resources to target\classes
2025-05-26 11:27:15,641 [Worker-10: Building] INFO  o.a.m.s.f.DefaultMavenResourcesFiltering - skip non existing resourceDirectory C:\Users\hp\Desktop\Computer Engineering\Internship Works\CVM Exam Help\UniExamPrep-BackEnd\src\test\resources
2025-05-26 11:28:31,133 [Worker-19: Building] INFO  o.a.m.s.f.DefaultMavenResourcesFiltering - Copying 1 resource from src\main\resources to target\classes
2025-05-26 11:28:31,137 [Worker-19: Building] INFO  o.a.m.s.f.DefaultMavenResourcesFiltering - Copying 0 resource from src\main\resources to target\classes
2025-05-26 11:28:31,140 [Worker-19: Building] INFO  o.a.m.s.f.DefaultMavenResourcesFiltering - skip non existing resourceDirectory C:\Users\hp\Desktop\Computer Engineering\Internship Works\CVM Exam Help\UniExamPrep-BackEnd\src\test\resources
2025-05-26 11:29:05,582 [Worker-14: Launching Executing verify in C__Users_hp_Desktop_Computer Engineering_Internship Works_CVM Exam Help_UniExamPrep-BackEnd] INFO  o.eclipse.m2e.core.internal.Bundles - getClasspathEntries(Bundle=org.eclipse.m2e.maven.runtime_3.9.700.20240602-2313 [642])
2025-05-26 11:29:05,588 [Worker-14: Launching Executing verify in C__Users_hp_Desktop_Computer Engineering_Internship Works_CVM Exam Help_UniExamPrep-BackEnd] INFO  o.eclipse.m2e.core.internal.Bundles - 	Entry: C:\Users\hp\.p2\pool\plugins\org.eclipse.m2e.maven.runtime_3.9.700.20240602-2313
2025-05-26 11:29:05,588 [Worker-14: Launching Executing verify in C__Users_hp_Desktop_Computer Engineering_Internship Works_CVM Exam Help_UniExamPrep-BackEnd] INFO  o.eclipse.m2e.core.internal.Bundles - 	Entry: C:\Users\hp\.p2\pool\plugins\org.eclipse.m2e.maven.runtime_3.9.700.20240602-2313\jars\aopalliance-1.0.jar
2025-05-26 11:29:05,589 [Worker-14: Launching Executing verify in C__Users_hp_Desktop_Computer Engineering_Internship Works_CVM Exam Help_UniExamPrep-BackEnd] INFO  o.eclipse.m2e.core.internal.Bundles - 	Entry: C:\Users\hp\.p2\pool\plugins\org.eclipse.m2e.maven.runtime_3.9.700.20240602-2313\jars\guice-5.1.0.jar
2025-05-26 11:29:05,589 [Worker-14: Launching Executing verify in C__Users_hp_Desktop_Computer Engineering_Internship Works_CVM Exam Help_UniExamPrep-BackEnd] INFO  o.eclipse.m2e.core.internal.Bundles - 	Entry: C:\Users\hp\.p2\pool\plugins\org.eclipse.m2e.maven.runtime_3.9.700.20240602-2313\jars\httpclient-4.5.14.jar
2025-05-26 11:29:05,589 [Worker-14: Launching Executing verify in C__Users_hp_Desktop_Computer Engineering_Internship Works_CVM Exam Help_UniExamPrep-BackEnd] INFO  o.eclipse.m2e.core.internal.Bundles - 	Entry: C:\Users\hp\.p2\pool\plugins\org.eclipse.m2e.maven.runtime_3.9.700.20240602-2313\jars\httpcore-4.4.16.jar
2025-05-26 11:29:05,589 [Worker-14: Launching Executing verify in C__Users_hp_Desktop_Computer Engineering_Internship Works_CVM Exam Help_UniExamPrep-BackEnd] INFO  o.eclipse.m2e.core.internal.Bundles - 	Entry: C:\Users\hp\.p2\pool\plugins\org.eclipse.m2e.maven.runtime_3.9.700.20240602-2313\jars\jansi-2.4.1.jar
2025-05-26 11:29:05,589 [Worker-14: Launching Executing verify in C__Users_hp_Desktop_Computer Engineering_Internship Works_CVM Exam Help_UniExamPrep-BackEnd] INFO  o.eclipse.m2e.core.internal.Bundles - 	Entry: C:\Users\hp\.p2\pool\plugins\org.eclipse.m2e.maven.runtime_3.9.700.20240602-2313\jars\jcl-over-slf4j-1.7.36.jar
2025-05-26 11:29:05,589 [Worker-14: Launching Executing verify in C__Users_hp_Desktop_Computer Engineering_Internship Works_CVM Exam Help_UniExamPrep-BackEnd] INFO  o.eclipse.m2e.core.internal.Bundles - 	Entry: C:\Users\hp\.p2\pool\plugins\org.eclipse.m2e.maven.runtime_3.9.700.20240602-2313\jars\maven-artifact-3.9.7.jar
2025-05-26 11:29:05,589 [Worker-14: Launching Executing verify in C__Users_hp_Desktop_Computer Engineering_Internship Works_CVM Exam Help_UniExamPrep-BackEnd] INFO  o.eclipse.m2e.core.internal.Bundles - 	Entry: C:\Users\hp\.p2\pool\plugins\org.eclipse.m2e.maven.runtime_3.9.700.20240602-2313\jars\maven-builder-support-3.9.7.jar
2025-05-26 11:29:05,590 [Worker-14: Launching Executing verify in C__Users_hp_Desktop_Computer Engineering_Internship Works_CVM Exam Help_UniExamPrep-BackEnd] INFO  o.eclipse.m2e.core.internal.Bundles - 	Entry: C:\Users\hp\.p2\pool\plugins\org.eclipse.m2e.maven.runtime_3.9.700.20240602-2313\jars\maven-compat-3.9.7.jar
2025-05-26 11:29:05,590 [Worker-14: Launching Executing verify in C__Users_hp_Desktop_Computer Engineering_Internship Works_CVM Exam Help_UniExamPrep-BackEnd] INFO  o.eclipse.m2e.core.internal.Bundles - 	Entry: C:\Users\hp\.p2\pool\plugins\org.eclipse.m2e.maven.runtime_3.9.700.20240602-2313\jars\maven-core-3.9.7.jar
2025-05-26 11:29:05,590 [Worker-14: Launching Executing verify in C__Users_hp_Desktop_Computer Engineering_Internship Works_CVM Exam Help_UniExamPrep-BackEnd] INFO  o.eclipse.m2e.core.internal.Bundles - 	Entry: C:\Users\hp\.p2\pool\plugins\org.eclipse.m2e.maven.runtime_3.9.700.20240602-2313\jars\maven-embedder-3.9.7.jar
2025-05-26 11:29:05,590 [Worker-14: Launching Executing verify in C__Users_hp_Desktop_Computer Engineering_Internship Works_CVM Exam Help_UniExamPrep-BackEnd] INFO  o.eclipse.m2e.core.internal.Bundles - 	Entry: C:\Users\hp\.p2\pool\plugins\org.eclipse.m2e.maven.runtime_3.9.700.20240602-2313\jars\maven-model-3.9.7.jar
2025-05-26 11:29:05,590 [Worker-14: Launching Executing verify in C__Users_hp_Desktop_Computer Engineering_Internship Works_CVM Exam Help_UniExamPrep-BackEnd] INFO  o.eclipse.m2e.core.internal.Bundles - 	Entry: C:\Users\hp\.p2\pool\plugins\org.eclipse.m2e.maven.runtime_3.9.700.20240602-2313\jars\maven-model-builder-3.9.7.jar
2025-05-26 11:29:05,590 [Worker-14: Launching Executing verify in C__Users_hp_Desktop_Computer Engineering_Internship Works_CVM Exam Help_UniExamPrep-BackEnd] INFO  o.eclipse.m2e.core.internal.Bundles - 	Entry: C:\Users\hp\.p2\pool\plugins\org.eclipse.m2e.maven.runtime_3.9.700.20240602-2313\jars\maven-plugin-api-3.9.7.jar
2025-05-26 11:29:05,591 [Worker-14: Launching Executing verify in C__Users_hp_Desktop_Computer Engineering_Internship Works_CVM Exam Help_UniExamPrep-BackEnd] INFO  o.eclipse.m2e.core.internal.Bundles - 	Entry: C:\Users\hp\.p2\pool\plugins\org.eclipse.m2e.maven.runtime_3.9.700.20240602-2313\jars\maven-repository-metadata-3.9.7.jar
2025-05-26 11:29:05,591 [Worker-14: Launching Executing verify in C__Users_hp_Desktop_Computer Engineering_Internship Works_CVM Exam Help_UniExamPrep-BackEnd] INFO  o.eclipse.m2e.core.internal.Bundles - 	Entry: C:\Users\hp\.p2\pool\plugins\org.eclipse.m2e.maven.runtime_3.9.700.20240602-2313\jars\maven-resolver-api-1.9.20.jar
2025-05-26 11:29:05,591 [Worker-14: Launching Executing verify in C__Users_hp_Desktop_Computer Engineering_Internship Works_CVM Exam Help_UniExamPrep-BackEnd] INFO  o.eclipse.m2e.core.internal.Bundles - 	Entry: C:\Users\hp\.p2\pool\plugins\org.eclipse.m2e.maven.runtime_3.9.700.20240602-2313\jars\maven-resolver-connector-basic-1.9.20.jar
2025-05-26 11:29:05,591 [Worker-14: Launching Executing verify in C__Users_hp_Desktop_Computer Engineering_Internship Works_CVM Exam Help_UniExamPrep-BackEnd] INFO  o.eclipse.m2e.core.internal.Bundles - 	Entry: C:\Users\hp\.p2\pool\plugins\org.eclipse.m2e.maven.runtime_3.9.700.20240602-2313\jars\maven-resolver-impl-1.9.20.jar
2025-05-26 11:29:05,591 [Worker-14: Launching Executing verify in C__Users_hp_Desktop_Computer Engineering_Internship Works_CVM Exam Help_UniExamPrep-BackEnd] INFO  o.eclipse.m2e.core.internal.Bundles - 	Entry: C:\Users\hp\.p2\pool\plugins\org.eclipse.m2e.maven.runtime_3.9.700.20240602-2313\jars\maven-resolver-named-locks-1.9.20.jar
2025-05-26 11:29:05,591 [Worker-14: Launching Executing verify in C__Users_hp_Desktop_Computer Engineering_Internship Works_CVM Exam Help_UniExamPrep-BackEnd] INFO  o.eclipse.m2e.core.internal.Bundles - 	Entry: C:\Users\hp\.p2\pool\plugins\org.eclipse.m2e.maven.runtime_3.9.700.20240602-2313\jars\maven-resolver-provider-3.9.7.jar
2025-05-26 11:29:05,591 [Worker-14: Launching Executing verify in C__Users_hp_Desktop_Computer Engineering_Internship Works_CVM Exam Help_UniExamPrep-BackEnd] INFO  o.eclipse.m2e.core.internal.Bundles - 	Entry: C:\Users\hp\.p2\pool\plugins\org.eclipse.m2e.maven.runtime_3.9.700.20240602-2313\jars\maven-resolver-spi-1.9.20.jar
2025-05-26 11:29:05,592 [Worker-14: Launching Executing verify in C__Users_hp_Desktop_Computer Engineering_Internship Works_CVM Exam Help_UniExamPrep-BackEnd] INFO  o.eclipse.m2e.core.internal.Bundles - 	Entry: C:\Users\hp\.p2\pool\plugins\org.eclipse.m2e.maven.runtime_3.9.700.20240602-2313\jars\maven-resolver-transport-file-1.9.20.jar
2025-05-26 11:29:05,592 [Worker-14: Launching Executing verify in C__Users_hp_Desktop_Computer Engineering_Internship Works_CVM Exam Help_UniExamPrep-BackEnd] INFO  o.eclipse.m2e.core.internal.Bundles - 	Entry: C:\Users\hp\.p2\pool\plugins\org.eclipse.m2e.maven.runtime_3.9.700.20240602-2313\jars\maven-resolver-transport-http-1.9.20.jar
2025-05-26 11:29:05,592 [Worker-14: Launching Executing verify in C__Users_hp_Desktop_Computer Engineering_Internship Works_CVM Exam Help_UniExamPrep-BackEnd] INFO  o.eclipse.m2e.core.internal.Bundles - 	Entry: C:\Users\hp\.p2\pool\plugins\org.eclipse.m2e.maven.runtime_3.9.700.20240602-2313\jars\maven-resolver-transport-wagon-1.9.20.jar
2025-05-26 11:29:05,592 [Worker-14: Launching Executing verify in C__Users_hp_Desktop_Computer Engineering_Internship Works_CVM Exam Help_UniExamPrep-BackEnd] INFO  o.eclipse.m2e.core.internal.Bundles - 	Entry: C:\Users\hp\.p2\pool\plugins\org.eclipse.m2e.maven.runtime_3.9.700.20240602-2313\jars\maven-resolver-util-1.9.20.jar
2025-05-26 11:29:05,592 [Worker-14: Launching Executing verify in C__Users_hp_Desktop_Computer Engineering_Internship Works_CVM Exam Help_UniExamPrep-BackEnd] INFO  o.eclipse.m2e.core.internal.Bundles - 	Entry: C:\Users\hp\.p2\pool\plugins\org.eclipse.m2e.maven.runtime_3.9.700.20240602-2313\jars\maven-settings-3.9.7.jar
2025-05-26 11:29:05,592 [Worker-14: Launching Executing verify in C__Users_hp_Desktop_Computer Engineering_Internship Works_CVM Exam Help_UniExamPrep-BackEnd] INFO  o.eclipse.m2e.core.internal.Bundles - 	Entry: C:\Users\hp\.p2\pool\plugins\org.eclipse.m2e.maven.runtime_3.9.700.20240602-2313\jars\maven-settings-builder-3.9.7.jar
2025-05-26 11:29:05,592 [Worker-14: Launching Executing verify in C__Users_hp_Desktop_Computer Engineering_Internship Works_CVM Exam Help_UniExamPrep-BackEnd] INFO  o.eclipse.m2e.core.internal.Bundles - 	Entry: C:\Users\hp\.p2\pool\plugins\org.eclipse.m2e.maven.runtime_3.9.700.20240602-2313\jars\maven-shared-utils-3.4.2.jar
2025-05-26 11:29:05,592 [Worker-14: Launching Executing verify in C__Users_hp_Desktop_Computer Engineering_Internship Works_CVM Exam Help_UniExamPrep-BackEnd] INFO  o.eclipse.m2e.core.internal.Bundles - 	Entry: C:\Users\hp\.p2\pool\plugins\org.eclipse.m2e.maven.runtime_3.9.700.20240602-2313\jars\org.eclipse.sisu.inject-0.9.0.M2.jar
2025-05-26 11:29:05,592 [Worker-14: Launching Executing verify in C__Users_hp_Desktop_Computer Engineering_Internship Works_CVM Exam Help_UniExamPrep-BackEnd] INFO  o.eclipse.m2e.core.internal.Bundles - 	Entry: C:\Users\hp\.p2\pool\plugins\org.eclipse.m2e.maven.runtime_3.9.700.20240602-2313\jars\org.eclipse.sisu.plexus-0.9.0.M2.jar
2025-05-26 11:29:05,592 [Worker-14: Launching Executing verify in C__Users_hp_Desktop_Computer Engineering_Internship Works_CVM Exam Help_UniExamPrep-BackEnd] INFO  o.eclipse.m2e.core.internal.Bundles - 	Entry: C:\Users\hp\.p2\pool\plugins\org.eclipse.m2e.maven.runtime_3.9.700.20240602-2313\jars\plexus-build-api-0.0.7.jar
2025-05-26 11:29:05,593 [Worker-14: Launching Executing verify in C__Users_hp_Desktop_Computer Engineering_Internship Works_CVM Exam Help_UniExamPrep-BackEnd] INFO  o.eclipse.m2e.core.internal.Bundles - 	Entry: C:\Users\hp\.p2\pool\plugins\org.eclipse.m2e.maven.runtime_3.9.700.20240602-2313\jars\plexus-build-api-1.2.0.jar
2025-05-26 11:29:05,593 [Worker-14: Launching Executing verify in C__Users_hp_Desktop_Computer Engineering_Internship Works_CVM Exam Help_UniExamPrep-BackEnd] INFO  o.eclipse.m2e.core.internal.Bundles - 	Entry: C:\Users\hp\.p2\pool\plugins\org.eclipse.m2e.maven.runtime_3.9.700.20240602-2313\jars\plexus-cipher-2.0.jar
2025-05-26 11:29:05,593 [Worker-14: Launching Executing verify in C__Users_hp_Desktop_Computer Engineering_Internship Works_CVM Exam Help_UniExamPrep-BackEnd] INFO  o.eclipse.m2e.core.internal.Bundles - 	Entry: C:\Users\hp\.p2\pool\plugins\org.eclipse.m2e.maven.runtime_3.9.700.20240602-2313\jars\plexus-classworlds-2.8.0.jar
2025-05-26 11:29:05,593 [Worker-14: Launching Executing verify in C__Users_hp_Desktop_Computer Engineering_Internship Works_CVM Exam Help_UniExamPrep-BackEnd] INFO  o.eclipse.m2e.core.internal.Bundles - 	Entry: C:\Users\hp\.p2\pool\plugins\org.eclipse.m2e.maven.runtime_3.9.700.20240602-2313\jars\plexus-component-annotations-2.1.0.jar
2025-05-26 11:29:05,593 [Worker-14: Launching Executing verify in C__Users_hp_Desktop_Computer Engineering_Internship Works_CVM Exam Help_UniExamPrep-BackEnd] INFO  o.eclipse.m2e.core.internal.Bundles - 	Entry: C:\Users\hp\.p2\pool\plugins\org.eclipse.m2e.maven.runtime_3.9.700.20240602-2313\jars\plexus-interpolation-1.27.jar
2025-05-26 11:29:05,593 [Worker-14: Launching Executing verify in C__Users_hp_Desktop_Computer Engineering_Internship Works_CVM Exam Help_UniExamPrep-BackEnd] INFO  o.eclipse.m2e.core.internal.Bundles - 	Entry: C:\Users\hp\.p2\pool\plugins\org.eclipse.m2e.maven.runtime_3.9.700.20240602-2313\jars\plexus-sec-dispatcher-2.0.jar
2025-05-26 11:29:05,593 [Worker-14: Launching Executing verify in C__Users_hp_Desktop_Computer Engineering_Internship Works_CVM Exam Help_UniExamPrep-BackEnd] INFO  o.eclipse.m2e.core.internal.Bundles - 	Entry: C:\Users\hp\.p2\pool\plugins\org.eclipse.m2e.maven.runtime_3.9.700.20240602-2313\jars\plexus-utils-3.5.1.jar
2025-05-26 11:29:05,593 [Worker-14: Launching Executing verify in C__Users_hp_Desktop_Computer Engineering_Internship Works_CVM Exam Help_UniExamPrep-BackEnd] INFO  o.eclipse.m2e.core.internal.Bundles - 	Entry: C:\Users\hp\.p2\pool\plugins\org.eclipse.m2e.maven.runtime_3.9.700.20240602-2313\jars\wagon-file-3.5.3.jar
2025-05-26 11:29:05,593 [Worker-14: Launching Executing verify in C__Users_hp_Desktop_Computer Engineering_Internship Works_CVM Exam Help_UniExamPrep-BackEnd] INFO  o.eclipse.m2e.core.internal.Bundles - 	Entry: C:\Users\hp\.p2\pool\plugins\org.eclipse.m2e.maven.runtime_3.9.700.20240602-2313\jars\wagon-http-3.5.3.jar
2025-05-26 11:29:05,593 [Worker-14: Launching Executing verify in C__Users_hp_Desktop_Computer Engineering_Internship Works_CVM Exam Help_UniExamPrep-BackEnd] INFO  o.eclipse.m2e.core.internal.Bundles - 	Entry: C:\Users\hp\.p2\pool\plugins\org.eclipse.m2e.maven.runtime_3.9.700.20240602-2313\jars\wagon-http-shared-3.5.3.jar
2025-05-26 11:29:05,593 [Worker-14: Launching Executing verify in C__Users_hp_Desktop_Computer Engineering_Internship Works_CVM Exam Help_UniExamPrep-BackEnd] INFO  o.eclipse.m2e.core.internal.Bundles - 	Entry: C:\Users\hp\.p2\pool\plugins\org.eclipse.m2e.maven.runtime_3.9.700.20240602-2313\jars\wagon-provider-api-3.5.3.jar
2025-05-26 11:29:05,596 [Worker-14: Launching Executing verify in C__Users_hp_Desktop_Computer Engineering_Internship Works_CVM Exam Help_UniExamPrep-BackEnd] INFO  o.eclipse.m2e.core.internal.Bundles - getClasspathEntries(Bundle=com.google.guava_33.3.1.jre [1028])
2025-05-26 11:29:05,598 [Worker-14: Launching Executing verify in C__Users_hp_Desktop_Computer Engineering_Internship Works_CVM Exam Help_UniExamPrep-BackEnd] INFO  o.eclipse.m2e.core.internal.Bundles - 	Entry: C:\Users\hp\.p2\pool\plugins\com.google.guava_33.3.1.jre.jar
2025-05-26 11:29:05,598 [Worker-14: Launching Executing verify in C__Users_hp_Desktop_Computer Engineering_Internship Works_CVM Exam Help_UniExamPrep-BackEnd] INFO  o.eclipse.m2e.core.internal.Bundles - getClasspathEntries(Bundle=slf4j.api_2.0.16 [1007])
2025-05-26 11:29:05,599 [Worker-14: Launching Executing verify in C__Users_hp_Desktop_Computer Engineering_Internship Works_CVM Exam Help_UniExamPrep-BackEnd] INFO  o.eclipse.m2e.core.internal.Bundles - 	Entry: C:\Users\hp\.p2\pool\plugins\slf4j.api_2.0.16.jar
2025-05-26 11:29:05,599 [Worker-14: Launching Executing verify in C__Users_hp_Desktop_Computer Engineering_Internship Works_CVM Exam Help_UniExamPrep-BackEnd] INFO  o.eclipse.m2e.core.internal.Bundles - getClasspathEntries(Bundle=javax.inject_1.0.0.v20220405-0441 [1448])
2025-05-26 11:29:05,600 [Worker-14: Launching Executing verify in C__Users_hp_Desktop_Computer Engineering_Internship Works_CVM Exam Help_UniExamPrep-BackEnd] INFO  o.eclipse.m2e.core.internal.Bundles - 	Entry: C:\Users\hp\.p2\pool\plugins\javax.inject_1.0.0.v20220405-0441.jar
2025-05-26 11:29:05,600 [Worker-14: Launching Executing verify in C__Users_hp_Desktop_Computer Engineering_Internship Works_CVM Exam Help_UniExamPrep-BackEnd] INFO  o.eclipse.m2e.core.internal.Bundles - getClasspathEntries(Bundle=javax.annotation_1.3.5.v20230504-0748 [1447])
2025-05-26 11:29:05,600 [Worker-14: Launching Executing verify in C__Users_hp_Desktop_Computer Engineering_Internship Works_CVM Exam Help_UniExamPrep-BackEnd] INFO  o.eclipse.m2e.core.internal.Bundles - 	Entry: C:\Users\hp\.p2\pool\plugins\javax.annotation_1.3.5.v20230504-0748.jar
2025-05-26 11:29:05,601 [Worker-14: Launching Executing verify in C__Users_hp_Desktop_Computer Engineering_Internship Works_CVM Exam Help_UniExamPrep-BackEnd] INFO  o.eclipse.m2e.core.internal.Bundles - getClasspathEntries(Bundle=org.apache.commons.cli_1.9.0 [1041])
2025-05-26 11:29:05,601 [Worker-14: Launching Executing verify in C__Users_hp_Desktop_Computer Engineering_Internship Works_CVM Exam Help_UniExamPrep-BackEnd] INFO  o.eclipse.m2e.core.internal.Bundles - 	Entry: C:\Users\hp\.p2\pool\plugins\org.apache.commons.cli_1.9.0.jar
2025-05-26 11:29:05,601 [Worker-14: Launching Executing verify in C__Users_hp_Desktop_Computer Engineering_Internship Works_CVM Exam Help_UniExamPrep-BackEnd] INFO  o.eclipse.m2e.core.internal.Bundles - getClasspathEntries(Bundle=org.apache.commons.commons-codec_1.16.0 [81])
2025-05-26 11:29:05,602 [Worker-14: Launching Executing verify in C__Users_hp_Desktop_Computer Engineering_Internship Works_CVM Exam Help_UniExamPrep-BackEnd] INFO  o.eclipse.m2e.core.internal.Bundles - 	Entry: C:\Users\hp\.p2\pool\plugins\org.apache.commons.commons-codec_1.16.0.jar
2025-05-26 11:29:05,602 [Worker-14: Launching Executing verify in C__Users_hp_Desktop_Computer Engineering_Internship Works_CVM Exam Help_UniExamPrep-BackEnd] INFO  o.eclipse.m2e.core.internal.Bundles - getClasspathEntries(Bundle=org.apache.commons.lang3_3.17.0 [1044])
2025-05-26 11:29:05,603 [Worker-14: Launching Executing verify in C__Users_hp_Desktop_Computer Engineering_Internship Works_CVM Exam Help_UniExamPrep-BackEnd] INFO  o.eclipse.m2e.core.internal.Bundles - 	Entry: C:\Users\hp\.p2\pool\plugins\org.apache.commons.lang3_3.17.0.jar
2025-05-26 11:29:05,603 [Worker-14: Launching Executing verify in C__Users_hp_Desktop_Computer Engineering_Internship Works_CVM Exam Help_UniExamPrep-BackEnd] INFO  o.eclipse.m2e.core.internal.Bundles - getClasspathEntries(Bundle=com.google.guava.failureaccess_1.0.2 [17])
2025-05-26 11:29:05,604 [Worker-14: Launching Executing verify in C__Users_hp_Desktop_Computer Engineering_Internship Works_CVM Exam Help_UniExamPrep-BackEnd] INFO  o.eclipse.m2e.core.internal.Bundles - 	Entry: C:\Users\hp\.p2\pool\plugins\com.google.guava.failureaccess_1.0.2.jar
2025-05-26 11:29:05,609 [Worker-14: Launching Executing verify in C__Users_hp_Desktop_Computer Engineering_Internship Works_CVM Exam Help_UniExamPrep-BackEnd] INFO  o.e.m.i.launch.MavenLaunchDelegate - Run build in "C:\Users\hp\Desktop\Computer Engineering\Internship Works\CVM Exam Help\UniExamPrep-BackEnd":
2025-05-26 11:29:05,617 [Worker-14: Launching Executing verify in C__Users_hp_Desktop_Computer Engineering_Internship Works_CVM Exam Help_UniExamPrep-BackEnd] INFO  o.e.m.i.launch.MavenLaunchDelegate -  mvn  -Ppom.xml -B -Dstyle.color=always verify
2025-05-26 11:42:06,649 [Worker-22: Building] INFO  o.a.m.s.f.DefaultMavenResourcesFiltering - Copying 1 resource from src\main\resources to target\classes
2025-05-26 11:42:06,666 [Worker-22: Building] INFO  o.a.m.s.f.DefaultMavenResourcesFiltering - Copying 0 resource from src\main\resources to target\classes
2025-05-26 11:42:06,670 [Worker-22: Building] INFO  o.a.m.s.f.DefaultMavenResourcesFiltering - skip non existing resourceDirectory C:\Users\hp\Desktop\Computer Engineering\Internship Works\CVM Exam Help\UniExamPrep-BackEnd\src\test\resources
2025-05-26 11:43:51,251 [Worker-26: Building] INFO  o.a.m.s.f.DefaultMavenResourcesFiltering - Copying 1 resource from src\main\resources to target\classes
2025-05-26 11:43:51,255 [Worker-26: Building] INFO  o.a.m.s.f.DefaultMavenResourcesFiltering - Copying 0 resource from src\main\resources to target\classes
2025-05-26 11:43:51,259 [Worker-26: Building] INFO  o.a.m.s.f.DefaultMavenResourcesFiltering - skip non existing resourceDirectory C:\Users\hp\Desktop\Computer Engineering\Internship Works\CVM Exam Help\UniExamPrep-BackEnd\src\test\resources
2025-05-26 11:46:17,738 [Worker-27: Building] INFO  o.a.m.s.f.DefaultMavenResourcesFiltering - Copying 1 resource from src\main\resources to target\classes
2025-05-26 11:46:17,816 [Worker-27: Building] INFO  o.a.m.s.f.DefaultMavenResourcesFiltering - Copying 0 resource from src\main\resources to target\classes
2025-05-26 11:46:17,819 [Worker-27: Building] INFO  o.a.m.s.f.DefaultMavenResourcesFiltering - skip non existing resourceDirectory C:\Users\hp\Desktop\Computer Engineering\Internship Works\CVM Exam Help\UniExamPrep-BackEnd\src\test\resources
2025-05-26 11:49:48,062 [Worker-27: Building] INFO  o.a.m.s.f.DefaultMavenResourcesFiltering - Copying 1 resource from src\main\resources to target\classes
2025-05-26 11:49:48,091 [Worker-27: Building] INFO  o.a.m.s.f.DefaultMavenResourcesFiltering - Copying 0 resource from src\main\resources to target\classes
2025-05-26 11:49:48,094 [Worker-27: Building] INFO  o.a.m.s.f.DefaultMavenResourcesFiltering - skip non existing resourceDirectory C:\Users\hp\Desktop\Computer Engineering\Internship Works\CVM Exam Help\UniExamPrep-BackEnd\src\test\resources
2025-05-26 11:54:42,778 [Worker-34: Building] INFO  o.a.m.s.f.DefaultMavenResourcesFiltering - Copying 1 resource from src\main\resources to target\classes
2025-05-26 11:54:42,858 [Worker-34: Building] INFO  o.a.m.s.f.DefaultMavenResourcesFiltering - Copying 0 resource from src\main\resources to target\classes
2025-05-26 11:54:42,861 [Worker-34: Building] INFO  o.a.m.s.f.DefaultMavenResourcesFiltering - skip non existing resourceDirectory C:\Users\hp\Desktop\Computer Engineering\Internship Works\CVM Exam Help\UniExamPrep-BackEnd\src\test\resources
2025-05-26 11:54:47,729 [Worker-32: Building] INFO  o.a.m.s.f.DefaultMavenResourcesFiltering - Copying 1 resource from src\main\resources to target\classes
2025-05-26 11:54:47,773 [Worker-32: Building] INFO  o.a.m.s.f.DefaultMavenResourcesFiltering - Copying 0 resource from src\main\resources to target\classes
2025-05-26 11:54:47,775 [Worker-32: Building] INFO  o.a.m.s.f.DefaultMavenResourcesFiltering - skip non existing resourceDirectory C:\Users\hp\Desktop\Computer Engineering\Internship Works\CVM Exam Help\UniExamPrep-BackEnd\src\test\resources
2025-05-26 11:54:55,963 [Worker-26: Building] INFO  o.a.m.s.f.DefaultMavenResourcesFiltering - Copying 1 resource from src\main\resources to target\classes
2025-05-26 11:54:55,989 [Worker-26: Building] INFO  o.a.m.s.f.DefaultMavenResourcesFiltering - Copying 0 resource from src\main\resources to target\classes
2025-05-26 11:54:55,992 [Worker-26: Building] INFO  o.a.m.s.f.DefaultMavenResourcesFiltering - skip non existing resourceDirectory C:\Users\hp\Desktop\Computer Engineering\Internship Works\CVM Exam Help\UniExamPrep-BackEnd\src\test\resources
2025-05-26 11:57:18,875 [Worker-31: Building] INFO  o.a.m.s.f.DefaultMavenResourcesFiltering - Copying 1 resource from src\main\resources to target\classes
2025-05-26 11:57:18,878 [Worker-31: Building] INFO  o.a.m.s.f.DefaultMavenResourcesFiltering - Copying 0 resource from src\main\resources to target\classes
2025-05-26 11:57:18,880 [Worker-31: Building] INFO  o.a.m.s.f.DefaultMavenResourcesFiltering - skip non existing resourceDirectory C:\Users\hp\Desktop\Computer Engineering\Internship Works\CVM Exam Help\UniExamPrep-BackEnd\src\test\resources
2025-05-26 11:57:42,940 [Worker-32: Building] INFO  o.a.m.s.f.DefaultMavenResourcesFiltering - Copying 1 resource from src\main\resources to target\classes
2025-05-26 11:57:42,944 [Worker-32: Building] INFO  o.a.m.s.f.DefaultMavenResourcesFiltering - Copying 0 resource from src\main\resources to target\classes
2025-05-26 11:57:42,946 [Worker-32: Building] INFO  o.a.m.s.f.DefaultMavenResourcesFiltering - skip non existing resourceDirectory C:\Users\hp\Desktop\Computer Engineering\Internship Works\CVM Exam Help\UniExamPrep-BackEnd\src\test\resources
2025-05-26 12:01:10,554 [Worker-26: Building] INFO  o.a.m.s.f.DefaultMavenResourcesFiltering - Copying 1 resource from src\main\resources to target\classes
2025-05-26 12:01:10,558 [Worker-26: Building] INFO  o.a.m.s.f.DefaultMavenResourcesFiltering - Copying 0 resource from src\main\resources to target\classes
2025-05-26 12:01:10,560 [Worker-26: Building] INFO  o.a.m.s.f.DefaultMavenResourcesFiltering - skip non existing resourceDirectory C:\Users\hp\Desktop\Computer Engineering\Internship Works\CVM Exam Help\UniExamPrep-BackEnd\src\test\resources
2025-05-26 12:01:50,606 [Worker-29: Building] INFO  o.a.m.s.f.DefaultMavenResourcesFiltering - Copying 1 resource from src\main\resources to target\classes
2025-05-26 12:01:50,618 [Worker-29: Building] INFO  o.a.m.s.f.DefaultMavenResourcesFiltering - Copying 0 resource from src\main\resources to target\classes
2025-05-26 12:01:50,620 [Worker-29: Building] INFO  o.a.m.s.f.DefaultMavenResourcesFiltering - skip non existing resourceDirectory C:\Users\hp\Desktop\Computer Engineering\Internship Works\CVM Exam Help\UniExamPrep-BackEnd\src\test\resources
2025-05-26 12:49:19,148 [Worker-41: Building] INFO  o.a.m.s.f.DefaultMavenResourcesFiltering - Copying 1 resource from src\main\resources to target\classes
2025-05-26 12:49:19,225 [Worker-41: Building] INFO  o.a.m.s.f.DefaultMavenResourcesFiltering - Copying 0 resource from src\main\resources to target\classes
2025-05-26 12:49:19,233 [Worker-41: Building] INFO  o.a.m.s.f.DefaultMavenResourcesFiltering - skip non existing resourceDirectory C:\Users\hp\Desktop\Computer Engineering\Internship Works\CVM Exam Help\UniExamPrep-BackEnd\src\test\resources
2025-05-26 13:09:14,713 [Worker-50: Building] INFO  o.a.m.s.f.DefaultMavenResourcesFiltering - Copying 1 resource from src\main\resources to target\classes
2025-05-26 13:09:14,764 [Worker-50: Building] INFO  o.a.m.s.f.DefaultMavenResourcesFiltering - Copying 0 resource from src\main\resources to target\classes
2025-05-26 13:09:14,768 [Worker-50: Building] INFO  o.a.m.s.f.DefaultMavenResourcesFiltering - skip non existing resourceDirectory C:\Users\hp\Desktop\Computer Engineering\Internship Works\CVM Exam Help\UniExamPrep-BackEnd\src\test\resources
2025-05-26 13:09:18,998 [Worker-48: Building] INFO  o.a.m.s.f.DefaultMavenResourcesFiltering - Copying 1 resource from src\main\resources to target\classes
2025-05-26 13:09:19,136 [Worker-48: Building] INFO  o.a.m.s.f.DefaultMavenResourcesFiltering - Copying 0 resource from src\main\resources to target\classes
2025-05-26 13:09:19,143 [Worker-48: Building] INFO  o.a.m.s.f.DefaultMavenResourcesFiltering - skip non existing resourceDirectory C:\Users\hp\Desktop\Computer Engineering\Internship Works\CVM Exam Help\UniExamPrep-BackEnd\src\test\resources
2025-05-26 13:09:31,580 [Worker-50: Building] INFO  o.a.m.s.f.DefaultMavenResourcesFiltering - Copying 1 resource from src\main\resources to target\classes
2025-05-26 13:09:31,674 [Worker-50: Building] INFO  o.a.m.s.f.DefaultMavenResourcesFiltering - Copying 0 resource from src\main\resources to target\classes
2025-05-26 13:09:31,682 [Worker-50: Building] INFO  o.a.m.s.f.DefaultMavenResourcesFiltering - skip non existing resourceDirectory C:\Users\hp\Desktop\Computer Engineering\Internship Works\CVM Exam Help\UniExamPrep-BackEnd\src\test\resources
2025-05-26 13:09:46,363 [Worker-45: Building] INFO  o.a.m.s.f.DefaultMavenResourcesFiltering - Copying 1 resource from src\main\resources to target\classes
2025-05-26 13:09:46,368 [Worker-45: Building] INFO  o.a.m.s.f.DefaultMavenResourcesFiltering - Copying 0 resource from src\main\resources to target\classes
2025-05-26 13:09:46,372 [Worker-45: Building] INFO  o.a.m.s.f.DefaultMavenResourcesFiltering - skip non existing resourceDirectory C:\Users\hp\Desktop\Computer Engineering\Internship Works\CVM Exam Help\UniExamPrep-BackEnd\src\test\resources
2025-05-26 13:09:54,590 [Worker-45: Building] INFO  o.a.m.s.f.DefaultMavenResourcesFiltering - Copying 1 resource from src\main\resources to target\classes
2025-05-26 13:09:54,594 [Worker-45: Building] INFO  o.a.m.s.f.DefaultMavenResourcesFiltering - Copying 0 resource from src\main\resources to target\classes
2025-05-26 13:09:54,597 [Worker-45: Building] INFO  o.a.m.s.f.DefaultMavenResourcesFiltering - skip non existing resourceDirectory C:\Users\hp\Desktop\Computer Engineering\Internship Works\CVM Exam Help\UniExamPrep-BackEnd\src\test\resources
2025-05-26 14:30:29,500 [Worker-59: Building] INFO  o.a.m.s.f.DefaultMavenResourcesFiltering - Copying 1 resource from src\main\resources to target\classes
2025-05-26 14:30:29,590 [Worker-59: Building] INFO  o.a.m.s.f.DefaultMavenResourcesFiltering - Copying 0 resource from src\main\resources to target\classes
2025-05-26 14:30:29,595 [Worker-59: Building] INFO  o.a.m.s.f.DefaultMavenResourcesFiltering - skip non existing resourceDirectory C:\Users\hp\Desktop\Computer Engineering\Internship Works\CVM Exam Help\UniExamPrep-BackEnd\src\test\resources
2025-05-26 14:30:44,237 [Worker-55: Building] INFO  o.a.m.s.f.DefaultMavenResourcesFiltering - Copying 1 resource from src\main\resources to target\classes
2025-05-26 14:30:44,259 [Worker-55: Building] INFO  o.a.m.s.f.DefaultMavenResourcesFiltering - Copying 0 resource from src\main\resources to target\classes
2025-05-26 14:30:44,265 [Worker-55: Building] INFO  o.a.m.s.f.DefaultMavenResourcesFiltering - skip non existing resourceDirectory C:\Users\hp\Desktop\Computer Engineering\Internship Works\CVM Exam Help\UniExamPrep-BackEnd\src\test\resources
2025-05-26 14:30:54,387 [Worker-61: Building] INFO  o.a.m.s.f.DefaultMavenResourcesFiltering - Copying 1 resource from src\main\resources to target\classes
2025-05-26 14:30:54,417 [Worker-61: Building] INFO  o.a.m.s.f.DefaultMavenResourcesFiltering - Copying 0 resource from src\main\resources to target\classes
2025-05-26 14:30:54,421 [Worker-61: Building] INFO  o.a.m.s.f.DefaultMavenResourcesFiltering - skip non existing resourceDirectory C:\Users\hp\Desktop\Computer Engineering\Internship Works\CVM Exam Help\UniExamPrep-BackEnd\src\test\resources
2025-05-26 14:31:04,814 [Worker-62: Building] INFO  o.a.m.s.f.DefaultMavenResourcesFiltering - Copying 1 resource from src\main\resources to target\classes
2025-05-26 14:31:04,818 [Worker-62: Building] INFO  o.a.m.s.f.DefaultMavenResourcesFiltering - Copying 0 resource from src\main\resources to target\classes
2025-05-26 14:31:04,822 [Worker-62: Building] INFO  o.a.m.s.f.DefaultMavenResourcesFiltering - skip non existing resourceDirectory C:\Users\hp\Desktop\Computer Engineering\Internship Works\CVM Exam Help\UniExamPrep-BackEnd\src\test\resources
2025-05-26 14:31:15,341 [Worker-63: Building] INFO  o.a.m.s.f.DefaultMavenResourcesFiltering - Copying 1 resource from src\main\resources to target\classes
2025-05-26 14:31:15,351 [Worker-63: Building] INFO  o.a.m.s.f.DefaultMavenResourcesFiltering - Copying 0 resource from src\main\resources to target\classes
2025-05-26 14:31:15,354 [Worker-63: Building] INFO  o.a.m.s.f.DefaultMavenResourcesFiltering - skip non existing resourceDirectory C:\Users\hp\Desktop\Computer Engineering\Internship Works\CVM Exam Help\UniExamPrep-BackEnd\src\test\resources
2025-05-26 15:47:19,495 [Worker-79: Building] INFO  o.a.m.s.f.DefaultMavenResourcesFiltering - Copying 1 resource from src\main\resources to target\classes
2025-05-26 15:47:19,543 [Worker-79: Building] INFO  o.a.m.s.f.DefaultMavenResourcesFiltering - Copying 0 resource from src\main\resources to target\classes
2025-05-26 15:47:19,548 [Worker-79: Building] INFO  o.a.m.s.f.DefaultMavenResourcesFiltering - skip non existing resourceDirectory C:\Users\hp\Desktop\Computer Engineering\Internship Works\CVM Exam Help\UniExamPrep-BackEnd\src\test\resources
2025-05-26 15:48:12,221 [Worker-80: Building] INFO  o.a.m.s.f.DefaultMavenResourcesFiltering - Copying 1 resource from src\main\resources to target\classes
2025-05-26 15:48:12,226 [Worker-80: Building] INFO  o.a.m.s.f.DefaultMavenResourcesFiltering - Copying 0 resource from src\main\resources to target\classes
2025-05-26 15:48:12,230 [Worker-80: Building] INFO  o.a.m.s.f.DefaultMavenResourcesFiltering - skip non existing resourceDirectory C:\Users\hp\Desktop\Computer Engineering\Internship Works\CVM Exam Help\UniExamPrep-BackEnd\src\test\resources
2025-05-26 15:49:42,816 [Worker-79: Building] INFO  o.a.m.s.f.DefaultMavenResourcesFiltering - Copying 1 resource from src\main\resources to target\classes
2025-05-26 15:49:42,820 [Worker-79: Building] INFO  o.a.m.s.f.DefaultMavenResourcesFiltering - Copying 0 resource from src\main\resources to target\classes
2025-05-26 15:49:42,822 [Worker-79: Building] INFO  o.a.m.s.f.DefaultMavenResourcesFiltering - skip non existing resourceDirectory C:\Users\hp\Desktop\Computer Engineering\Internship Works\CVM Exam Help\UniExamPrep-BackEnd\src\test\resources
2025-05-26 15:49:47,984 [Worker-81: Building] INFO  o.a.m.s.f.DefaultMavenResourcesFiltering - Copying 1 resource from src\main\resources to target\classes
2025-05-26 15:49:47,988 [Worker-81: Building] INFO  o.a.m.s.f.DefaultMavenResourcesFiltering - Copying 0 resource from src\main\resources to target\classes
2025-05-26 15:49:47,991 [Worker-81: Building] INFO  o.a.m.s.f.DefaultMavenResourcesFiltering - skip non existing resourceDirectory C:\Users\hp\Desktop\Computer Engineering\Internship Works\CVM Exam Help\UniExamPrep-BackEnd\src\test\resources
2025-05-26 15:50:03,057 [Worker-80: Building] INFO  o.a.m.s.f.DefaultMavenResourcesFiltering - Copying 1 resource from src\main\resources to target\classes
2025-05-26 15:50:03,062 [Worker-80: Building] INFO  o.a.m.s.f.DefaultMavenResourcesFiltering - Copying 0 resource from src\main\resources to target\classes
2025-05-26 15:50:03,064 [Worker-80: Building] INFO  o.a.m.s.f.DefaultMavenResourcesFiltering - skip non existing resourceDirectory C:\Users\hp\Desktop\Computer Engineering\Internship Works\CVM Exam Help\UniExamPrep-BackEnd\src\test\resources
2025-05-26 15:50:05,100 [Worker-81: Building] INFO  o.a.m.s.f.DefaultMavenResourcesFiltering - Copying 1 resource from src\main\resources to target\classes
2025-05-26 15:50:05,107 [Worker-81: Building] INFO  o.a.m.s.f.DefaultMavenResourcesFiltering - Copying 0 resource from src\main\resources to target\classes
2025-05-26 15:50:05,109 [Worker-81: Building] INFO  o.a.m.s.f.DefaultMavenResourcesFiltering - skip non existing resourceDirectory C:\Users\hp\Desktop\Computer Engineering\Internship Works\CVM Exam Help\UniExamPrep-BackEnd\src\test\resources
2025-05-26 15:50:18,979 [Worker-76: Building] INFO  o.a.m.s.f.DefaultMavenResourcesFiltering - Copying 1 resource from src\main\resources to target\classes
2025-05-26 15:50:18,983 [Worker-76: Building] INFO  o.a.m.s.f.DefaultMavenResourcesFiltering - Copying 0 resource from src\main\resources to target\classes
2025-05-26 15:50:18,986 [Worker-76: Building] INFO  o.a.m.s.f.DefaultMavenResourcesFiltering - skip non existing resourceDirectory C:\Users\hp\Desktop\Computer Engineering\Internship Works\CVM Exam Help\UniExamPrep-BackEnd\src\test\resources
2025-05-26 15:50:46,765 [Worker-80: Building] INFO  o.a.m.s.f.DefaultMavenResourcesFiltering - Copying 1 resource from src\main\resources to target\classes
2025-05-26 15:50:46,767 [Worker-80: Building] INFO  o.a.m.s.f.DefaultMavenResourcesFiltering - Copying 0 resource from src\main\resources to target\classes
2025-05-26 15:50:46,769 [Worker-80: Building] INFO  o.a.m.s.f.DefaultMavenResourcesFiltering - skip non existing resourceDirectory C:\Users\hp\Desktop\Computer Engineering\Internship Works\CVM Exam Help\UniExamPrep-BackEnd\src\test\resources
2025-05-26 15:50:51,405 [Worker-79: Building] INFO  o.a.m.s.f.DefaultMavenResourcesFiltering - Copying 1 resource from src\main\resources to target\classes
2025-05-26 15:50:51,413 [Worker-79: Building] INFO  o.a.m.s.f.DefaultMavenResourcesFiltering - Copying 0 resource from src\main\resources to target\classes
2025-05-26 15:50:51,415 [Worker-79: Building] INFO  o.a.m.s.f.DefaultMavenResourcesFiltering - skip non existing resourceDirectory C:\Users\hp\Desktop\Computer Engineering\Internship Works\CVM Exam Help\UniExamPrep-BackEnd\src\test\resources
2025-05-26 15:52:02,109 [Worker-79: Building] INFO  o.a.m.s.f.DefaultMavenResourcesFiltering - Copying 1 resource from src\main\resources to target\classes
2025-05-26 15:52:02,112 [Worker-79: Building] INFO  o.a.m.s.f.DefaultMavenResourcesFiltering - Copying 0 resource from src\main\resources to target\classes
2025-05-26 15:52:02,114 [Worker-79: Building] INFO  o.a.m.s.f.DefaultMavenResourcesFiltering - skip non existing resourceDirectory C:\Users\hp\Desktop\Computer Engineering\Internship Works\CVM Exam Help\UniExamPrep-BackEnd\src\test\resources
2025-05-26 15:52:13,511 [Worker-81: Building] INFO  o.a.m.s.f.DefaultMavenResourcesFiltering - Copying 1 resource from src\main\resources to target\classes
2025-05-26 15:52:13,514 [Worker-81: Building] INFO  o.a.m.s.f.DefaultMavenResourcesFiltering - Copying 0 resource from src\main\resources to target\classes
2025-05-26 15:52:13,515 [Worker-81: Building] INFO  o.a.m.s.f.DefaultMavenResourcesFiltering - skip non existing resourceDirectory C:\Users\hp\Desktop\Computer Engineering\Internship Works\CVM Exam Help\UniExamPrep-BackEnd\src\test\resources
2025-05-26 16:00:05,852 [Worker-84: Building] INFO  o.a.m.s.f.DefaultMavenResourcesFiltering - Copying 1 resource from src\main\resources to target\classes
2025-05-26 16:00:05,858 [Worker-84: Building] INFO  o.a.m.s.f.DefaultMavenResourcesFiltering - Copying 0 resource from src\main\resources to target\classes
2025-05-26 16:00:05,860 [Worker-84: Building] INFO  o.a.m.s.f.DefaultMavenResourcesFiltering - skip non existing resourceDirectory C:\Users\hp\Desktop\Computer Engineering\Internship Works\CVM Exam Help\UniExamPrep-BackEnd\src\test\resources
2025-05-26 16:00:44,467 [Worker-84: Building] INFO  o.a.m.s.f.DefaultMavenResourcesFiltering - Copying 1 resource from src\main\resources to target\classes
2025-05-26 16:00:44,471 [Worker-84: Building] INFO  o.a.m.s.f.DefaultMavenResourcesFiltering - Copying 0 resource from src\main\resources to target\classes
2025-05-26 16:00:44,473 [Worker-84: Building] INFO  o.a.m.s.f.DefaultMavenResourcesFiltering - skip non existing resourceDirectory C:\Users\hp\Desktop\Computer Engineering\Internship Works\CVM Exam Help\UniExamPrep-BackEnd\src\test\resources
2025-05-26 16:01:09,272 [Worker-77: Building] INFO  o.a.m.s.f.DefaultMavenResourcesFiltering - Copying 1 resource from src\main\resources to target\classes
2025-05-26 16:01:09,286 [Worker-77: Building] INFO  o.a.m.s.f.DefaultMavenResourcesFiltering - Copying 0 resource from src\main\resources to target\classes
2025-05-26 16:01:09,288 [Worker-77: Building] INFO  o.a.m.s.f.DefaultMavenResourcesFiltering - skip non existing resourceDirectory C:\Users\hp\Desktop\Computer Engineering\Internship Works\CVM Exam Help\UniExamPrep-BackEnd\src\test\resources
2025-05-26 16:03:20,446 [Worker-84: Building] INFO  o.a.m.s.f.DefaultMavenResourcesFiltering - Copying 1 resource from src\main\resources to target\classes
2025-05-26 16:03:20,451 [Worker-84: Building] INFO  o.a.m.s.f.DefaultMavenResourcesFiltering - Copying 0 resource from src\main\resources to target\classes
2025-05-26 16:03:20,454 [Worker-84: Building] INFO  o.a.m.s.f.DefaultMavenResourcesFiltering - skip non existing resourceDirectory C:\Users\hp\Desktop\Computer Engineering\Internship Works\CVM Exam Help\UniExamPrep-BackEnd\src\test\resources
2025-05-26 16:03:44,632 [Worker-86: Building] INFO  o.a.m.s.f.DefaultMavenResourcesFiltering - Copying 1 resource from src\main\resources to target\classes
2025-05-26 16:03:44,634 [Worker-86: Building] INFO  o.a.m.s.f.DefaultMavenResourcesFiltering - Copying 0 resource from src\main\resources to target\classes
2025-05-26 16:03:44,637 [Worker-86: Building] INFO  o.a.m.s.f.DefaultMavenResourcesFiltering - skip non existing resourceDirectory C:\Users\hp\Desktop\Computer Engineering\Internship Works\CVM Exam Help\UniExamPrep-BackEnd\src\test\resources
2025-05-26 16:03:57,253 [Worker-85: Building] INFO  o.a.m.s.f.DefaultMavenResourcesFiltering - Copying 1 resource from src\main\resources to target\classes
2025-05-26 16:03:57,256 [Worker-85: Building] INFO  o.a.m.s.f.DefaultMavenResourcesFiltering - Copying 0 resource from src\main\resources to target\classes
2025-05-26 16:03:57,259 [Worker-85: Building] INFO  o.a.m.s.f.DefaultMavenResourcesFiltering - skip non existing resourceDirectory C:\Users\hp\Desktop\Computer Engineering\Internship Works\CVM Exam Help\UniExamPrep-BackEnd\src\test\resources
2025-05-26 16:04:01,750 [Worker-86: Building] INFO  o.a.m.s.f.DefaultMavenResourcesFiltering - Copying 1 resource from src\main\resources to target\classes
2025-05-26 16:04:01,752 [Worker-86: Building] INFO  o.a.m.s.f.DefaultMavenResourcesFiltering - Copying 0 resource from src\main\resources to target\classes
2025-05-26 16:04:01,754 [Worker-86: Building] INFO  o.a.m.s.f.DefaultMavenResourcesFiltering - skip non existing resourceDirectory C:\Users\hp\Desktop\Computer Engineering\Internship Works\CVM Exam Help\UniExamPrep-BackEnd\src\test\resources
2025-05-26 16:04:04,023 [Worker-84: Building] INFO  o.a.m.s.f.DefaultMavenResourcesFiltering - Copying 1 resource from src\main\resources to target\classes
2025-05-26 16:04:04,026 [Worker-84: Building] INFO  o.a.m.s.f.DefaultMavenResourcesFiltering - Copying 0 resource from src\main\resources to target\classes
2025-05-26 16:04:04,029 [Worker-84: Building] INFO  o.a.m.s.f.DefaultMavenResourcesFiltering - skip non existing resourceDirectory C:\Users\hp\Desktop\Computer Engineering\Internship Works\CVM Exam Help\UniExamPrep-BackEnd\src\test\resources
2025-05-26 16:04:11,565 [Worker-84: Building] INFO  o.a.m.s.f.DefaultMavenResourcesFiltering - Copying 1 resource from src\main\resources to target\classes
2025-05-26 16:04:11,568 [Worker-84: Building] INFO  o.a.m.s.f.DefaultMavenResourcesFiltering - Copying 0 resource from src\main\resources to target\classes
2025-05-26 16:04:11,572 [Worker-84: Building] INFO  o.a.m.s.f.DefaultMavenResourcesFiltering - skip non existing resourceDirectory C:\Users\hp\Desktop\Computer Engineering\Internship Works\CVM Exam Help\UniExamPrep-BackEnd\src\test\resources
2025-05-26 16:08:30,857 [Worker-84: Building] INFO  o.a.m.s.f.DefaultMavenResourcesFiltering - Copying 1 resource from src\main\resources to target\classes
2025-05-26 16:08:30,863 [Worker-84: Building] INFO  o.a.m.s.f.DefaultMavenResourcesFiltering - Copying 0 resource from src\main\resources to target\classes
2025-05-26 16:08:30,866 [Worker-84: Building] INFO  o.a.m.s.f.DefaultMavenResourcesFiltering - skip non existing resourceDirectory C:\Users\hp\Desktop\Computer Engineering\Internship Works\CVM Exam Help\UniExamPrep-BackEnd\src\test\resources
2025-05-26 16:10:12,979 [Worker-90: Building] INFO  o.a.m.s.f.DefaultMavenResourcesFiltering - Copying 1 resource from src\main\resources to target\classes
2025-05-26 16:10:12,986 [Worker-90: Building] INFO  o.a.m.s.f.DefaultMavenResourcesFiltering - Copying 0 resource from src\main\resources to target\classes
2025-05-26 16:10:12,989 [Worker-90: Building] INFO  o.a.m.s.f.DefaultMavenResourcesFiltering - skip non existing resourceDirectory C:\Users\hp\Desktop\Computer Engineering\Internship Works\CVM Exam Help\UniExamPrep-BackEnd\src\test\resources
2025-05-26 16:10:22,878 [Worker-89: Building] INFO  o.a.m.s.f.DefaultMavenResourcesFiltering - Copying 1 resource from src\main\resources to target\classes
2025-05-26 16:10:22,887 [Worker-89: Building] INFO  o.a.m.s.f.DefaultMavenResourcesFiltering - Copying 0 resource from src\main\resources to target\classes
2025-05-26 16:10:22,891 [Worker-89: Building] INFO  o.a.m.s.f.DefaultMavenResourcesFiltering - skip non existing resourceDirectory C:\Users\hp\Desktop\Computer Engineering\Internship Works\CVM Exam Help\UniExamPrep-BackEnd\src\test\resources
2025-05-26 16:10:29,788 [Worker-89: Building] INFO  o.a.m.s.f.DefaultMavenResourcesFiltering - Copying 1 resource from src\main\resources to target\classes
2025-05-26 16:10:29,792 [Worker-89: Building] INFO  o.a.m.s.f.DefaultMavenResourcesFiltering - Copying 0 resource from src\main\resources to target\classes
2025-05-26 16:10:29,795 [Worker-89: Building] INFO  o.a.m.s.f.DefaultMavenResourcesFiltering - skip non existing resourceDirectory C:\Users\hp\Desktop\Computer Engineering\Internship Works\CVM Exam Help\UniExamPrep-BackEnd\src\test\resources
2025-05-26 16:10:36,722 [Worker-90: Building] INFO  o.a.m.s.f.DefaultMavenResourcesFiltering - Copying 1 resource from src\main\resources to target\classes
2025-05-26 16:10:36,727 [Worker-90: Building] INFO  o.a.m.s.f.DefaultMavenResourcesFiltering - Copying 0 resource from src\main\resources to target\classes
2025-05-26 16:10:36,737 [Worker-90: Building] INFO  o.a.m.s.f.DefaultMavenResourcesFiltering - skip non existing resourceDirectory C:\Users\hp\Desktop\Computer Engineering\Internship Works\CVM Exam Help\UniExamPrep-BackEnd\src\test\resources
2025-05-26 16:30:51,252 [Worker-98: Building] INFO  o.a.m.s.f.DefaultMavenResourcesFiltering - Copying 1 resource from src\main\resources to target\classes
2025-05-26 16:30:51,418 [Worker-98: Building] INFO  o.a.m.s.f.DefaultMavenResourcesFiltering - Copying 0 resource from src\main\resources to target\classes
2025-05-26 16:30:51,454 [Worker-98: Building] INFO  o.a.m.s.f.DefaultMavenResourcesFiltering - skip non existing resourceDirectory C:\Users\hp\Desktop\Computer Engineering\Internship Works\CVM Exam Help\UniExamPrep-BackEnd\src\test\resources
2025-05-26 16:30:56,776 [Worker-98: Building] INFO  o.a.m.s.f.DefaultMavenResourcesFiltering - Copying 1 resource from src\main\resources to target\classes
2025-05-26 16:30:56,960 [Worker-98: Building] INFO  o.a.m.s.f.DefaultMavenResourcesFiltering - Copying 0 resource from src\main\resources to target\classes
2025-05-26 16:30:56,966 [Worker-98: Building] INFO  o.a.m.s.f.DefaultMavenResourcesFiltering - skip non existing resourceDirectory C:\Users\hp\Desktop\Computer Engineering\Internship Works\CVM Exam Help\UniExamPrep-BackEnd\src\test\resources
2025-05-26 16:31:02,529 [Worker-93: Building] INFO  o.a.m.s.f.DefaultMavenResourcesFiltering - Copying 1 resource from src\main\resources to target\classes
2025-05-26 16:31:02,559 [Worker-93: Building] INFO  o.a.m.s.f.DefaultMavenResourcesFiltering - Copying 0 resource from src\main\resources to target\classes
2025-05-26 16:31:02,568 [Worker-93: Building] INFO  o.a.m.s.f.DefaultMavenResourcesFiltering - skip non existing resourceDirectory C:\Users\hp\Desktop\Computer Engineering\Internship Works\CVM Exam Help\UniExamPrep-BackEnd\src\test\resources
2025-05-26 16:31:09,096 [Worker-90: Building] INFO  o.a.m.s.f.DefaultMavenResourcesFiltering - Copying 1 resource from src\main\resources to target\classes
2025-05-26 16:31:09,139 [Worker-90: Building] INFO  o.a.m.s.f.DefaultMavenResourcesFiltering - Copying 0 resource from src\main\resources to target\classes
2025-05-26 16:31:09,142 [Worker-90: Building] INFO  o.a.m.s.f.DefaultMavenResourcesFiltering - skip non existing resourceDirectory C:\Users\hp\Desktop\Computer Engineering\Internship Works\CVM Exam Help\UniExamPrep-BackEnd\src\test\resources
2025-05-26 16:31:30,834 [Worker-93: Building] INFO  o.a.m.s.f.DefaultMavenResourcesFiltering - Copying 1 resource from src\main\resources to target\classes
2025-05-26 16:31:31,020 [Worker-93: Building] INFO  o.a.m.s.f.DefaultMavenResourcesFiltering - Copying 0 resource from src\main\resources to target\classes
2025-05-26 16:31:31,027 [Worker-93: Building] INFO  o.a.m.s.f.DefaultMavenResourcesFiltering - skip non existing resourceDirectory C:\Users\hp\Desktop\Computer Engineering\Internship Works\CVM Exam Help\UniExamPrep-BackEnd\src\test\resources
2025-05-26 16:32:14,207 [Worker-93: Building] INFO  o.a.m.s.f.DefaultMavenResourcesFiltering - Copying 1 resource from src\main\resources to target\classes
2025-05-26 16:32:14,216 [Worker-93: Building] INFO  o.a.m.s.f.DefaultMavenResourcesFiltering - Copying 0 resource from src\main\resources to target\classes
2025-05-26 16:32:14,219 [Worker-93: Building] INFO  o.a.m.s.f.DefaultMavenResourcesFiltering - skip non existing resourceDirectory C:\Users\hp\Desktop\Computer Engineering\Internship Works\CVM Exam Help\UniExamPrep-BackEnd\src\test\resources
2025-05-26 16:32:51,606 [Worker-93: Building] INFO  o.a.m.s.f.DefaultMavenResourcesFiltering - Copying 1 resource from src\main\resources to target\classes
2025-05-26 16:32:51,612 [Worker-93: Building] INFO  o.a.m.s.f.DefaultMavenResourcesFiltering - Copying 0 resource from src\main\resources to target\classes
2025-05-26 16:32:51,615 [Worker-93: Building] INFO  o.a.m.s.f.DefaultMavenResourcesFiltering - skip non existing resourceDirectory C:\Users\hp\Desktop\Computer Engineering\Internship Works\CVM Exam Help\UniExamPrep-BackEnd\src\test\resources
2025-05-26 16:32:55,126 [Worker-102: Building] INFO  o.a.m.s.f.DefaultMavenResourcesFiltering - Copying 1 resource from src\main\resources to target\classes
2025-05-26 16:32:55,131 [Worker-102: Building] INFO  o.a.m.s.f.DefaultMavenResourcesFiltering - Copying 0 resource from src\main\resources to target\classes
2025-05-26 16:32:55,134 [Worker-102: Building] INFO  o.a.m.s.f.DefaultMavenResourcesFiltering - skip non existing resourceDirectory C:\Users\hp\Desktop\Computer Engineering\Internship Works\CVM Exam Help\UniExamPrep-BackEnd\src\test\resources
2025-05-26 16:33:12,358 [Worker-103: Building] INFO  o.a.m.s.f.DefaultMavenResourcesFiltering - Copying 1 resource from src\main\resources to target\classes
2025-05-26 16:33:12,375 [Worker-103: Building] INFO  o.a.m.s.f.DefaultMavenResourcesFiltering - Copying 0 resource from src\main\resources to target\classes
2025-05-26 16:33:12,378 [Worker-103: Building] INFO  o.a.m.s.f.DefaultMavenResourcesFiltering - skip non existing resourceDirectory C:\Users\hp\Desktop\Computer Engineering\Internship Works\CVM Exam Help\UniExamPrep-BackEnd\src\test\resources
2025-05-26 16:35:05,496 [Worker-90: Building] INFO  o.a.m.s.f.DefaultMavenResourcesFiltering - Copying 1 resource from src\main\resources to target\classes
2025-05-26 16:35:05,510 [Worker-90: Building] INFO  o.a.m.s.f.DefaultMavenResourcesFiltering - Copying 0 resource from src\main\resources to target\classes
2025-05-26 16:35:05,513 [Worker-90: Building] INFO  o.a.m.s.f.DefaultMavenResourcesFiltering - skip non existing resourceDirectory C:\Users\hp\Desktop\Computer Engineering\Internship Works\CVM Exam Help\UniExamPrep-BackEnd\src\test\resources
2025-05-26 16:35:27,448 [Worker-93: Building] INFO  o.a.m.s.f.DefaultMavenResourcesFiltering - Copying 1 resource from src\main\resources to target\classes
2025-05-26 16:35:27,460 [Worker-93: Building] INFO  o.a.m.s.f.DefaultMavenResourcesFiltering - Copying 0 resource from src\main\resources to target\classes
2025-05-26 16:35:27,463 [Worker-93: Building] INFO  o.a.m.s.f.DefaultMavenResourcesFiltering - skip non existing resourceDirectory C:\Users\hp\Desktop\Computer Engineering\Internship Works\CVM Exam Help\UniExamPrep-BackEnd\src\test\resources
2025-05-26 16:39:24,383 [Worker-90: Building] INFO  o.a.m.s.f.DefaultMavenResourcesFiltering - Copying 1 resource from src\main\resources to target\classes
2025-05-26 16:39:24,438 [Worker-90: Building] INFO  o.a.m.s.f.DefaultMavenResourcesFiltering - Copying 0 resource from src\main\resources to target\classes
2025-05-26 16:39:24,445 [Worker-90: Building] INFO  o.a.m.s.f.DefaultMavenResourcesFiltering - skip non existing resourceDirectory C:\Users\hp\Desktop\Computer Engineering\Internship Works\CVM Exam Help\UniExamPrep-BackEnd\src\test\resources
2025-05-26 16:50:06,257 [Worker-109: Building] INFO  o.a.m.s.f.DefaultMavenResourcesFiltering - Copying 1 resource from src\main\resources to target\classes
2025-05-26 16:50:06,387 [Worker-109: Building] INFO  o.a.m.s.f.DefaultMavenResourcesFiltering - Copying 0 resource from src\main\resources to target\classes
2025-05-26 16:50:06,394 [Worker-109: Building] INFO  o.a.m.s.f.DefaultMavenResourcesFiltering - skip non existing resourceDirectory C:\Users\hp\Desktop\Computer Engineering\Internship Works\CVM Exam Help\UniExamPrep-BackEnd\src\test\resources
2025-05-26 16:50:27,793 [Worker-108: Building] INFO  o.a.m.s.f.DefaultMavenResourcesFiltering - Copying 1 resource from src\main\resources to target\classes
2025-05-26 16:50:27,810 [Worker-108: Building] INFO  o.a.m.s.f.DefaultMavenResourcesFiltering - Copying 0 resource from src\main\resources to target\classes
2025-05-26 16:50:27,816 [Worker-108: Building] INFO  o.a.m.s.f.DefaultMavenResourcesFiltering - skip non existing resourceDirectory C:\Users\hp\Desktop\Computer Engineering\Internship Works\CVM Exam Help\UniExamPrep-BackEnd\src\test\resources
2025-05-26 16:50:32,746 [Worker-105: Building] INFO  o.a.m.s.f.DefaultMavenResourcesFiltering - Copying 1 resource from src\main\resources to target\classes
2025-05-26 16:50:32,761 [Worker-105: Building] INFO  o.a.m.s.f.DefaultMavenResourcesFiltering - Copying 0 resource from src\main\resources to target\classes
2025-05-26 16:50:32,778 [Worker-105: Building] INFO  o.a.m.s.f.DefaultMavenResourcesFiltering - skip non existing resourceDirectory C:\Users\hp\Desktop\Computer Engineering\Internship Works\CVM Exam Help\UniExamPrep-BackEnd\src\test\resources
2025-05-26 16:50:58,001 [Worker-110: Building] INFO  o.a.m.s.f.DefaultMavenResourcesFiltering - Copying 1 resource from src\main\resources to target\classes
2025-05-26 16:50:58,035 [Worker-110: Building] INFO  o.a.m.s.f.DefaultMavenResourcesFiltering - Copying 0 resource from src\main\resources to target\classes
2025-05-26 16:50:58,039 [Worker-110: Building] INFO  o.a.m.s.f.DefaultMavenResourcesFiltering - skip non existing resourceDirectory C:\Users\hp\Desktop\Computer Engineering\Internship Works\CVM Exam Help\UniExamPrep-BackEnd\src\test\resources
2025-05-26 16:56:03,630 [Worker-108: Building] INFO  o.a.m.s.f.DefaultMavenResourcesFiltering - Copying 1 resource from src\main\resources to target\classes
2025-05-26 16:56:03,646 [Worker-108: Building] INFO  o.a.m.s.f.DefaultMavenResourcesFiltering - Copying 0 resource from src\main\resources to target\classes
2025-05-26 16:56:03,653 [Worker-108: Building] INFO  o.a.m.s.f.DefaultMavenResourcesFiltering - skip non existing resourceDirectory C:\Users\hp\Desktop\Computer Engineering\Internship Works\CVM Exam Help\UniExamPrep-BackEnd\src\test\resources
2025-05-26 16:56:27,270 [Worker-115: Building] INFO  o.a.m.s.f.DefaultMavenResourcesFiltering - Copying 1 resource from src\main\resources to target\classes
2025-05-26 16:56:27,282 [Worker-115: Building] INFO  o.a.m.s.f.DefaultMavenResourcesFiltering - Copying 0 resource from src\main\resources to target\classes
2025-05-26 16:56:27,285 [Worker-115: Building] INFO  o.a.m.s.f.DefaultMavenResourcesFiltering - skip non existing resourceDirectory C:\Users\hp\Desktop\Computer Engineering\Internship Works\CVM Exam Help\UniExamPrep-BackEnd\src\test\resources
2025-05-26 16:56:40,713 [Worker-108: Building] INFO  o.a.m.s.f.DefaultMavenResourcesFiltering - Copying 1 resource from src\main\resources to target\classes
2025-05-26 16:56:40,734 [Worker-108: Building] INFO  o.a.m.s.f.DefaultMavenResourcesFiltering - Copying 0 resource from src\main\resources to target\classes
2025-05-26 16:56:40,805 [Worker-108: Building] INFO  o.a.m.s.f.DefaultMavenResourcesFiltering - skip non existing resourceDirectory C:\Users\hp\Desktop\Computer Engineering\Internship Works\CVM Exam Help\UniExamPrep-BackEnd\src\test\resources
2025-05-26 16:59:03,068 [Worker-113: Building] INFO  o.a.m.s.f.DefaultMavenResourcesFiltering - Copying 1 resource from src\main\resources to target\classes
2025-05-26 16:59:03,076 [Worker-113: Building] INFO  o.a.m.s.f.DefaultMavenResourcesFiltering - Copying 0 resource from src\main\resources to target\classes
2025-05-26 16:59:03,078 [Worker-113: Building] INFO  o.a.m.s.f.DefaultMavenResourcesFiltering - skip non existing resourceDirectory C:\Users\hp\Desktop\Computer Engineering\Internship Works\CVM Exam Help\UniExamPrep-BackEnd\src\test\resources
2025-05-26 16:59:17,240 [Worker-112: Building] INFO  o.a.m.s.f.DefaultMavenResourcesFiltering - Copying 1 resource from src\main\resources to target\classes
2025-05-26 16:59:17,244 [Worker-112: Building] INFO  o.a.m.s.f.DefaultMavenResourcesFiltering - Copying 0 resource from src\main\resources to target\classes
2025-05-26 16:59:17,246 [Worker-112: Building] INFO  o.a.m.s.f.DefaultMavenResourcesFiltering - skip non existing resourceDirectory C:\Users\hp\Desktop\Computer Engineering\Internship Works\CVM Exam Help\UniExamPrep-BackEnd\src\test\resources
2025-05-26 16:59:32,953 [Worker-108: Building] INFO  o.a.m.s.f.DefaultMavenResourcesFiltering - Copying 1 resource from src\main\resources to target\classes
2025-05-26 16:59:32,961 [Worker-108: Building] INFO  o.a.m.s.f.DefaultMavenResourcesFiltering - Copying 0 resource from src\main\resources to target\classes
2025-05-26 16:59:32,964 [Worker-108: Building] INFO  o.a.m.s.f.DefaultMavenResourcesFiltering - skip non existing resourceDirectory C:\Users\hp\Desktop\Computer Engineering\Internship Works\CVM Exam Help\UniExamPrep-BackEnd\src\test\resources
2025-05-26 17:00:07,294 [Worker-90: Building] INFO  o.a.m.s.f.DefaultMavenResourcesFiltering - Copying 1 resource from src\main\resources to target\classes
2025-05-26 17:00:07,300 [Worker-90: Building] INFO  o.a.m.s.f.DefaultMavenResourcesFiltering - Copying 0 resource from src\main\resources to target\classes
2025-05-26 17:00:07,303 [Worker-90: Building] INFO  o.a.m.s.f.DefaultMavenResourcesFiltering - skip non existing resourceDirectory C:\Users\hp\Desktop\Computer Engineering\Internship Works\CVM Exam Help\UniExamPrep-BackEnd\src\test\resources
2025-05-26 17:01:50,819 [Worker-114: Building] INFO  o.a.m.s.f.DefaultMavenResourcesFiltering - Copying 1 resource from src\main\resources to target\classes
2025-05-26 17:01:50,824 [Worker-114: Building] INFO  o.a.m.s.f.DefaultMavenResourcesFiltering - Copying 0 resource from src\main\resources to target\classes
2025-05-26 17:01:50,836 [Worker-114: Building] INFO  o.a.m.s.f.DefaultMavenResourcesFiltering - skip non existing resourceDirectory C:\Users\hp\Desktop\Computer Engineering\Internship Works\CVM Exam Help\UniExamPrep-BackEnd\src\test\resources
2025-05-26 17:02:20,507 [Worker-114: Building] INFO  o.a.m.s.f.DefaultMavenResourcesFiltering - Copying 1 resource from src\main\resources to target\classes
2025-05-26 17:02:20,522 [Worker-114: Building] INFO  o.a.m.s.f.DefaultMavenResourcesFiltering - Copying 0 resource from src\main\resources to target\classes
2025-05-26 17:02:20,524 [Worker-114: Building] INFO  o.a.m.s.f.DefaultMavenResourcesFiltering - skip non existing resourceDirectory C:\Users\hp\Desktop\Computer Engineering\Internship Works\CVM Exam Help\UniExamPrep-BackEnd\src\test\resources
2025-05-26 17:11:03,633 [Worker-113: Building] INFO  o.a.m.s.f.DefaultMavenResourcesFiltering - Copying 1 resource from src\main\resources to target\classes
2025-05-26 17:11:03,672 [Worker-113: Building] INFO  o.a.m.s.f.DefaultMavenResourcesFiltering - Copying 0 resource from src\main\resources to target\classes
2025-05-26 17:11:03,682 [Worker-113: Building] INFO  o.a.m.s.f.DefaultMavenResourcesFiltering - skip non existing resourceDirectory C:\Users\hp\Desktop\Computer Engineering\Internship Works\CVM Exam Help\UniExamPrep-BackEnd\src\test\resources
2025-05-26 17:11:11,519 [Worker-90: Building] INFO  o.a.m.s.f.DefaultMavenResourcesFiltering - Copying 1 resource from src\main\resources to target\classes
2025-05-26 17:11:11,533 [Worker-90: Building] INFO  o.a.m.s.f.DefaultMavenResourcesFiltering - Copying 0 resource from src\main\resources to target\classes
2025-05-26 17:11:11,543 [Worker-90: Building] INFO  o.a.m.s.f.DefaultMavenResourcesFiltering - skip non existing resourceDirectory C:\Users\hp\Desktop\Computer Engineering\Internship Works\CVM Exam Help\UniExamPrep-BackEnd\src\test\resources
2025-05-26 17:12:41,109 [Worker-108: Building] INFO  o.a.m.s.f.DefaultMavenResourcesFiltering - Copying 1 resource from src\main\resources to target\classes
2025-05-26 17:12:41,218 [Worker-108: Building] INFO  o.a.m.s.f.DefaultMavenResourcesFiltering - Copying 0 resource from src\main\resources to target\classes
2025-05-26 17:12:41,221 [Worker-108: Building] INFO  o.a.m.s.f.DefaultMavenResourcesFiltering - skip non existing resourceDirectory C:\Users\hp\Desktop\Computer Engineering\Internship Works\CVM Exam Help\UniExamPrep-BackEnd\src\test\resources
2025-05-26 17:13:07,750 [Worker-119: Building] INFO  o.a.m.s.f.DefaultMavenResourcesFiltering - Copying 1 resource from src\main\resources to target\classes
2025-05-26 17:13:07,752 [Worker-119: Building] INFO  o.a.m.s.f.DefaultMavenResourcesFiltering - Copying 0 resource from src\main\resources to target\classes
2025-05-26 17:13:07,753 [Worker-119: Building] INFO  o.a.m.s.f.DefaultMavenResourcesFiltering - skip non existing resourceDirectory C:\Users\hp\Desktop\Computer Engineering\Internship Works\CVM Exam Help\UniExamPrep-BackEnd\src\test\resources
2025-05-26 17:14:48,253 [Worker-90: Building] INFO  o.a.m.s.f.DefaultMavenResourcesFiltering - Copying 1 resource from src\main\resources to target\classes
2025-05-26 17:14:48,336 [Worker-90: Building] INFO  o.a.m.s.f.DefaultMavenResourcesFiltering - Copying 0 resource from src\main\resources to target\classes
2025-05-26 17:14:48,340 [Worker-90: Building] INFO  o.a.m.s.f.DefaultMavenResourcesFiltering - skip non existing resourceDirectory C:\Users\hp\Desktop\Computer Engineering\Internship Works\CVM Exam Help\UniExamPrep-BackEnd\src\test\resources
2025-05-26 17:16:08,378 [Worker-121: Building] INFO  o.a.m.s.f.DefaultMavenResourcesFiltering - Copying 1 resource from src\main\resources to target\classes
2025-05-26 17:16:08,381 [Worker-121: Building] INFO  o.a.m.s.f.DefaultMavenResourcesFiltering - Copying 0 resource from src\main\resources to target\classes
2025-05-26 17:16:08,383 [Worker-121: Building] INFO  o.a.m.s.f.DefaultMavenResourcesFiltering - skip non existing resourceDirectory C:\Users\hp\Desktop\Computer Engineering\Internship Works\CVM Exam Help\UniExamPrep-BackEnd\src\test\resources
2025-05-26 17:16:33,859 [Worker-90: Building] INFO  o.a.m.s.f.DefaultMavenResourcesFiltering - Copying 1 resource from src\main\resources to target\classes
2025-05-26 17:16:33,884 [Worker-90: Building] INFO  o.a.m.s.f.DefaultMavenResourcesFiltering - Copying 0 resource from src\main\resources to target\classes
2025-05-26 17:16:33,888 [Worker-90: Building] INFO  o.a.m.s.f.DefaultMavenResourcesFiltering - skip non existing resourceDirectory C:\Users\hp\Desktop\Computer Engineering\Internship Works\CVM Exam Help\UniExamPrep-BackEnd\src\test\resources
2025-05-26 17:17:01,953 [Worker-113: Building] INFO  o.a.m.s.f.DefaultMavenResourcesFiltering - Copying 1 resource from src\main\resources to target\classes
2025-05-26 17:17:01,964 [Worker-113: Building] INFO  o.a.m.s.f.DefaultMavenResourcesFiltering - Copying 0 resource from src\main\resources to target\classes
2025-05-26 17:17:01,968 [Worker-113: Building] INFO  o.a.m.s.f.DefaultMavenResourcesFiltering - skip non existing resourceDirectory C:\Users\hp\Desktop\Computer Engineering\Internship Works\CVM Exam Help\UniExamPrep-BackEnd\src\test\resources
2025-05-26 17:17:08,721 [Worker-119: Building] INFO  o.a.m.s.f.DefaultMavenResourcesFiltering - Copying 1 resource from src\main\resources to target\classes
2025-05-26 17:17:08,728 [Worker-119: Building] INFO  o.a.m.s.f.DefaultMavenResourcesFiltering - Copying 0 resource from src\main\resources to target\classes
2025-05-26 17:17:08,732 [Worker-119: Building] INFO  o.a.m.s.f.DefaultMavenResourcesFiltering - skip non existing resourceDirectory C:\Users\hp\Desktop\Computer Engineering\Internship Works\CVM Exam Help\UniExamPrep-BackEnd\src\test\resources
2025-05-26 17:17:15,048 [Worker-120: Building] INFO  o.a.m.s.f.DefaultMavenResourcesFiltering - Copying 1 resource from src\main\resources to target\classes
2025-05-26 17:17:15,051 [Worker-120: Building] INFO  o.a.m.s.f.DefaultMavenResourcesFiltering - Copying 0 resource from src\main\resources to target\classes
2025-05-26 17:17:15,053 [Worker-120: Building] INFO  o.a.m.s.f.DefaultMavenResourcesFiltering - skip non existing resourceDirectory C:\Users\hp\Desktop\Computer Engineering\Internship Works\CVM Exam Help\UniExamPrep-BackEnd\src\test\resources
2025-05-26 17:17:52,722 [Worker-118: Building] INFO  o.a.m.s.f.DefaultMavenResourcesFiltering - Copying 1 resource from src\main\resources to target\classes
2025-05-26 17:17:52,728 [Worker-118: Building] INFO  o.a.m.s.f.DefaultMavenResourcesFiltering - Copying 0 resource from src\main\resources to target\classes
2025-05-26 17:17:52,730 [Worker-118: Building] INFO  o.a.m.s.f.DefaultMavenResourcesFiltering - skip non existing resourceDirectory C:\Users\hp\Desktop\Computer Engineering\Internship Works\CVM Exam Help\UniExamPrep-BackEnd\src\test\resources
2025-05-26 17:18:47,198 [Worker-113: Building] INFO  o.a.m.s.f.DefaultMavenResourcesFiltering - Copying 1 resource from src\main\resources to target\classes
2025-05-26 17:18:47,202 [Worker-113: Building] INFO  o.a.m.s.f.DefaultMavenResourcesFiltering - Copying 0 resource from src\main\resources to target\classes
2025-05-26 17:18:47,204 [Worker-113: Building] INFO  o.a.m.s.f.DefaultMavenResourcesFiltering - skip non existing resourceDirectory C:\Users\hp\Desktop\Computer Engineering\Internship Works\CVM Exam Help\UniExamPrep-BackEnd\src\test\resources
2025-05-26 17:18:55,510 [Worker-108: Building] INFO  o.a.m.s.f.DefaultMavenResourcesFiltering - Copying 1 resource from src\main\resources to target\classes
2025-05-26 17:18:55,516 [Worker-108: Building] INFO  o.a.m.s.f.DefaultMavenResourcesFiltering - Copying 0 resource from src\main\resources to target\classes
2025-05-26 17:18:55,520 [Worker-108: Building] INFO  o.a.m.s.f.DefaultMavenResourcesFiltering - skip non existing resourceDirectory C:\Users\hp\Desktop\Computer Engineering\Internship Works\CVM Exam Help\UniExamPrep-BackEnd\src\test\resources
2025-05-26 17:18:59,508 [Worker-121: Building] INFO  o.a.m.s.f.DefaultMavenResourcesFiltering - Copying 1 resource from src\main\resources to target\classes
2025-05-26 17:18:59,518 [Worker-121: Building] INFO  o.a.m.s.f.DefaultMavenResourcesFiltering - Copying 0 resource from src\main\resources to target\classes
2025-05-26 17:18:59,542 [Worker-121: Building] INFO  o.a.m.s.f.DefaultMavenResourcesFiltering - skip non existing resourceDirectory C:\Users\hp\Desktop\Computer Engineering\Internship Works\CVM Exam Help\UniExamPrep-BackEnd\src\test\resources
2025-05-26 17:19:05,969 [Worker-121: Building] INFO  o.a.m.s.f.DefaultMavenResourcesFiltering - Copying 1 resource from src\main\resources to target\classes
2025-05-26 17:19:05,974 [Worker-121: Building] INFO  o.a.m.s.f.DefaultMavenResourcesFiltering - Copying 0 resource from src\main\resources to target\classes
2025-05-26 17:19:05,978 [Worker-121: Building] INFO  o.a.m.s.f.DefaultMavenResourcesFiltering - skip non existing resourceDirectory C:\Users\hp\Desktop\Computer Engineering\Internship Works\CVM Exam Help\UniExamPrep-BackEnd\src\test\resources
2025-05-26 17:19:59,824 [Worker-113: Building] INFO  o.a.m.s.f.DefaultMavenResourcesFiltering - Copying 1 resource from src\main\resources to target\classes
2025-05-26 17:19:59,836 [Worker-113: Building] INFO  o.a.m.s.f.DefaultMavenResourcesFiltering - Copying 0 resource from src\main\resources to target\classes
2025-05-26 17:19:59,839 [Worker-113: Building] INFO  o.a.m.s.f.DefaultMavenResourcesFiltering - skip non existing resourceDirectory C:\Users\hp\Desktop\Computer Engineering\Internship Works\CVM Exam Help\UniExamPrep-BackEnd\src\test\resources
2025-05-26 17:20:42,471 [Worker-119: Building] INFO  o.a.m.s.f.DefaultMavenResourcesFiltering - Copying 1 resource from src\main\resources to target\classes
2025-05-26 17:20:42,481 [Worker-119: Building] INFO  o.a.m.s.f.DefaultMavenResourcesFiltering - Copying 0 resource from src\main\resources to target\classes
2025-05-26 17:20:42,485 [Worker-119: Building] INFO  o.a.m.s.f.DefaultMavenResourcesFiltering - skip non existing resourceDirectory C:\Users\hp\Desktop\Computer Engineering\Internship Works\CVM Exam Help\UniExamPrep-BackEnd\src\test\resources
2025-05-26 17:21:03,676 [Worker-120: Building] INFO  o.a.m.s.f.DefaultMavenResourcesFiltering - Copying 1 resource from src\main\resources to target\classes
2025-05-26 17:21:03,800 [Worker-120: Building] INFO  o.a.m.s.f.DefaultMavenResourcesFiltering - Copying 0 resource from src\main\resources to target\classes
2025-05-26 17:21:03,803 [Worker-120: Building] INFO  o.a.m.s.f.DefaultMavenResourcesFiltering - skip non existing resourceDirectory C:\Users\hp\Desktop\Computer Engineering\Internship Works\CVM Exam Help\UniExamPrep-BackEnd\src\test\resources
2025-05-26 17:21:50,111 [Worker-122: Building] INFO  o.a.m.s.f.DefaultMavenResourcesFiltering - Copying 1 resource from src\main\resources to target\classes
2025-05-26 17:21:50,133 [Worker-122: Building] INFO  o.a.m.s.f.DefaultMavenResourcesFiltering - Copying 0 resource from src\main\resources to target\classes
2025-05-26 17:21:50,137 [Worker-122: Building] INFO  o.a.m.s.f.DefaultMavenResourcesFiltering - skip non existing resourceDirectory C:\Users\hp\Desktop\Computer Engineering\Internship Works\CVM Exam Help\UniExamPrep-BackEnd\src\test\resources
2025-05-26 17:21:58,535 [Worker-113: Building] INFO  o.a.m.s.f.DefaultMavenResourcesFiltering - Copying 1 resource from src\main\resources to target\classes
2025-05-26 17:21:58,540 [Worker-113: Building] INFO  o.a.m.s.f.DefaultMavenResourcesFiltering - Copying 0 resource from src\main\resources to target\classes
2025-05-26 17:21:58,542 [Worker-113: Building] INFO  o.a.m.s.f.DefaultMavenResourcesFiltering - skip non existing resourceDirectory C:\Users\hp\Desktop\Computer Engineering\Internship Works\CVM Exam Help\UniExamPrep-BackEnd\src\test\resources
2025-05-26 17:22:04,336 [Worker-90: Building] INFO  o.a.m.s.f.DefaultMavenResourcesFiltering - Copying 1 resource from src\main\resources to target\classes
2025-05-26 17:22:04,340 [Worker-90: Building] INFO  o.a.m.s.f.DefaultMavenResourcesFiltering - Copying 0 resource from src\main\resources to target\classes
2025-05-26 17:22:04,342 [Worker-90: Building] INFO  o.a.m.s.f.DefaultMavenResourcesFiltering - skip non existing resourceDirectory C:\Users\hp\Desktop\Computer Engineering\Internship Works\CVM Exam Help\UniExamPrep-BackEnd\src\test\resources
2025-05-26 17:27:17,968 [Worker-90: Building] INFO  o.a.m.s.f.DefaultMavenResourcesFiltering - Copying 1 resource from src\main\resources to target\classes
2025-05-26 17:27:18,008 [Worker-90: Building] INFO  o.a.m.s.f.DefaultMavenResourcesFiltering - Copying 0 resource from src\main\resources to target\classes
2025-05-26 17:27:18,018 [Worker-90: Building] INFO  o.a.m.s.f.DefaultMavenResourcesFiltering - skip non existing resourceDirectory C:\Users\hp\Desktop\Computer Engineering\Internship Works\CVM Exam Help\UniExamPrep-BackEnd\src\test\resources
2025-05-26 17:29:23,534 [Worker-120: Building] INFO  o.a.m.s.f.DefaultMavenResourcesFiltering - Copying 1 resource from src\main\resources to target\classes
2025-05-26 17:29:23,549 [Worker-120: Building] INFO  o.a.m.s.f.DefaultMavenResourcesFiltering - Copying 0 resource from src\main\resources to target\classes
2025-05-26 17:29:23,553 [Worker-120: Building] INFO  o.a.m.s.f.DefaultMavenResourcesFiltering - skip non existing resourceDirectory C:\Users\hp\Desktop\Computer Engineering\Internship Works\CVM Exam Help\UniExamPrep-BackEnd\src\test\resources
2025-05-26 17:29:55,403 [Worker-117: Building] INFO  o.a.m.s.f.DefaultMavenResourcesFiltering - Copying 1 resource from src\main\resources to target\classes
2025-05-26 17:29:55,512 [Worker-117: Building] INFO  o.a.m.s.f.DefaultMavenResourcesFiltering - Copying 0 resource from src\main\resources to target\classes
2025-05-26 17:29:55,517 [Worker-117: Building] INFO  o.a.m.s.f.DefaultMavenResourcesFiltering - skip non existing resourceDirectory C:\Users\hp\Desktop\Computer Engineering\Internship Works\CVM Exam Help\UniExamPrep-BackEnd\src\test\resources
2025-05-26 17:30:27,011 [Worker-123: Building] INFO  o.a.m.s.f.DefaultMavenResourcesFiltering - Copying 1 resource from src\main\resources to target\classes
2025-05-26 17:30:27,140 [Worker-123: Building] INFO  o.a.m.s.f.DefaultMavenResourcesFiltering - Copying 0 resource from src\main\resources to target\classes
2025-05-26 17:30:27,144 [Worker-123: Building] INFO  o.a.m.s.f.DefaultMavenResourcesFiltering - skip non existing resourceDirectory C:\Users\hp\Desktop\Computer Engineering\Internship Works\CVM Exam Help\UniExamPrep-BackEnd\src\test\resources
2025-05-26 17:30:35,124 [Worker-126: Building] INFO  o.a.m.s.f.DefaultMavenResourcesFiltering - Copying 1 resource from src\main\resources to target\classes
2025-05-26 17:30:35,139 [Worker-126: Building] INFO  o.a.m.s.f.DefaultMavenResourcesFiltering - Copying 0 resource from src\main\resources to target\classes
2025-05-26 17:30:35,142 [Worker-126: Building] INFO  o.a.m.s.f.DefaultMavenResourcesFiltering - skip non existing resourceDirectory C:\Users\hp\Desktop\Computer Engineering\Internship Works\CVM Exam Help\UniExamPrep-BackEnd\src\test\resources
